blue: 4,0,5,6,A,E,J,K,L,F
red: 1,B
yellow: 2,C
magenta: 3,7,D,G,N
cyan: 8,9,H,I,M
+++++++++++++++++++++++++
+  G 1            7 A g +
+ b H 2       h    8  B +
+  I 3   a++++    9 C i +
+         ++++          +
+ d J 4   ++++    0 D j +
+  K 5   c++++k      E  +
+ f L 6  e++++      F l +
+                       +
+  M                 N  +
+  +++++++++++++++++++  +
+          mn           +
+++++++++++++++++++++++++

[Move(E), Move(S), Move(S), NoOp, NoOp, NoOp, NoOp, Move(E), Move(S), Move(S)];617
[Move(S), Move(E), Move(E), NoOp, NoOp, NoOp, NoOp, Move(S), Move(S), Move(W)];1
[Move(E), Move(E), NoOp, Move(E), NoOp, NoOp, NoOp, Move(E), Move(S), Move(W)];1
[Pull(W,E), Move(E), NoOp, NoOp, NoOp, NoOp, NoOp, Move(E), NoOp, Move(S)];1
[Pull(W,E), Move(E), Move(E), NoOp, NoOp, NoOp, NoOp, Move(S), NoOp, Move(S)];0
[Pull(W,E), Move(E), Move(E), NoOp, NoOp, NoOp, NoOp, Move(S), NoOp, Move(W)];0
[Pull(S,E), Move(E), Move(N), NoOp, NoOp, NoOp, NoOp, Move(S), NoOp, Move(W)];0
[Pull(E,N), Move(E), Move(E), NoOp, NoOp, NoOp, NoOp, Move(E), NoOp, Move(S)];0
[Push(W,W), Move(E), Move(E), NoOp, NoOp, NoOp, NoOp, Move(S), NoOp, Move(S)];0
[Push(W,W), Move(E), Move(E), NoOp, NoOp, NoOp, NoOp, Move(S), NoOp, Move(S)];0
[Push(W,W), Move(E), Move(E), NoOp, Move(W), NoOp, NoOp, Move(S), NoOp, Move(W)];1
[Push(W,N), Move(E), Move(E), NoOp, Pull(E,W), NoOp, NoOp, Move(S), NoOp, Move(W)];1
[Pull(S,N), Move(E), Move(E), NoOp, Pull(S,W), NoOp, NoOp, Pull(S,W), NoOp, Move(W)];0
[Pull(W,N), Move(E), Move(S), NoOp, Push(N,E), NoOp, NoOp, Pull(S,N), NoOp, Move(W)];1
[Pull(W,E), Move(E), Move(E), NoOp, Push(E,E), NoOp, NoOp, Pull(E,N), NoOp, Move(W)];1
[Pull(W,E), Move(E), Move(E), NoOp, Push(E,N), NoOp, NoOp, Push(W,W), NoOp, Move(W)];0
[Pull(W,E), Move(E), Move(E), NoOp, Push(N,N), NoOp, NoOp, Push(W,W), NoOp, Move(W)];1
[Pull(S,E), Pull(W,E), Move(E), NoOp, Push(N,N), NoOp, NoOp, Push(W,W), NoOp, Move(W)];1
[Push(N,W), Pull(W,E), Push(E,S), NoOp, Push(N,E), NoOp, NoOp, Push(W,W), NoOp, Move(W)];0
[Push(W,N), Pull(S,E), Push(S,W), NoOp, Push(E,E), NoOp, NoOp, Push(W,W), NoOp, Move(W)];1
[Move(S), Push(N,W), Push(W,W), NoOp, Push(E,E), NoOp, NoOp, Push(W,W), NoOp, Push(W,W)];1
[NoOp, Push(W,W), Push(W,W), NoOp, Push(E,E), NoOp, NoOp, Push(W,W), NoOp, Push(W,S)];1
[NoOp, Push(W,W), Push(W,W), NoOp, Push(E,E), NoOp, NoOp, Push(W,W), Move(N), Push(S,S)];1
[NoOp, Push(W,W), Push(W,S), NoOp, Push(E,N), NoOp, NoOp, Push(W,W), Move(N), Push(S,E)];1
[NoOp, Push(W,W), Push(S,W), NoOp, Push(N,E), NoOp, NoOp, Push(W,W), Move(W), Push(E,E)];0
[NoOp, Push(W,W), Push(W,W), NoOp, Push(E,E), NoOp, NoOp, NoOp, Move(N), Push(E,E)];1
[NoOp, Push(W,W), Push(W,S), NoOp, Push(E,E), NoOp, NoOp, NoOp, Move(W), Push(E,E)];1
[NoOp, Push(W,W), Push(S,E), NoOp, Push(E,E), NoOp, NoOp, NoOp, Move(W), Push(E,E)];0
[NoOp, Push(W,W), Pull(S,E), NoOp, Push(E,S), NoOp, NoOp, NoOp, Move(W), Push(E,E)];1
[NoOp, Push(W,W), Pull(S,N), NoOp, Push(S,E), NoOp, NoOp, NoOp, Move(W), Push(E,E)];0
[NoOp, Push(W,W), Pull(W,N), NoOp, Push(E,E), NoOp, NoOp, NoOp, Move(W), Push(E,E)];0
[NoOp, Push(W,W), Pull(W,E), NoOp, Push(E,S), NoOp, NoOp, NoOp, Move(W), Push(E,E)];0
[NoOp, Push(W,W), Pull(W,E), NoOp, Push(S,S), NoOp, NoOp, NoOp, Move(W), NoOp];0
[NoOp, Push(W,W), Pull(W,E), NoOp, Push(S,E), NoOp, NoOp, NoOp, Move(W), NoOp];0
[NoOp, Push(W,S), Pull(W,E), NoOp, Push(E,E), NoOp, NoOp, NoOp, Move(W), NoOp];0
[NoOp, Push(S,W), Pull(W,E), NoOp, Push(E,S), NoOp, NoOp, NoOp, Move(W), NoOp];1
[NoOp, Push(W,S), Pull(S,E), NoOp, Push(S,E), Move(W), NoOp, NoOp, Move(W), NoOp];1
[Move(N), Push(S,W), Push(N,N), NoOp, NoOp, Pull(E,W), NoOp, NoOp, Move(W), NoOp];1
[Move(E), Push(W,W), Push(N,N), NoOp, NoOp, Pull(S,W), NoOp, NoOp, Move(W), NoOp];1
[Move(E), Push(W,N), Push(N,E), NoOp, NoOp, Push(N,E), NoOp, NoOp, Pull(S,W), NoOp];2
[Move(E), Push(N,N), Move(N), NoOp, NoOp, Push(E,E), NoOp, NoOp, Push(N,E), NoOp];0
[Move(E), NoOp, NoOp, NoOp, NoOp, Push(E,E), NoOp, NoOp, Push(E,E), NoOp];0
[Move(E), NoOp, NoOp, NoOp, NoOp, Push(E,S), Move(N), NoOp, Push(E,E), NoOp];0
[Move(N), NoOp, NoOp, Move(N), NoOp, Push(S,S), Move(N), NoOp, Push(E,E), NoOp];0
[Move(E), NoOp, NoOp, NoOp, NoOp, Push(S,E), Move(S), NoOp, Push(E,E), NoOp];0
[Move(E), NoOp, NoOp, NoOp, NoOp, Push(E,E), NoOp, NoOp, Push(E,E), NoOp];0
[Move(E), NoOp, NoOp, NoOp, NoOp, Push(E,E), NoOp, NoOp, Push(E,E), NoOp];1
[Move(N), NoOp, NoOp, NoOp, NoOp, Push(E,E), NoOp, NoOp, Push(E,E), NoOp];1
[Move(E), NoOp, NoOp, NoOp, NoOp, Push(E,E), NoOp, NoOp, Push(E,E), NoOp];0
[Move(N), NoOp, NoOp, NoOp, NoOp, Push(E,E), NoOp, NoOp, NoOp, NoOp];0
[Move(N), NoOp, NoOp, NoOp, NoOp, Push(E,N), NoOp, NoOp, NoOp, NoOp];0
[Move(N), NoOp, NoOp, NoOp, NoOp, Push(N,N), NoOp, NoOp, NoOp, NoOp];0
[Move(N), NoOp, NoOp, NoOp, NoOp, Move(S), NoOp, NoOp, NoOp, NoOp];0
[Move(E), NoOp, NoOp, NoOp, NoOp, Move(W), NoOp, NoOp, NoOp, NoOp];0
[Move(N), NoOp, NoOp, NoOp, NoOp, Move(W), NoOp, NoOp, NoOp, NoOp];0
[Pull(W,E), NoOp, NoOp, NoOp, NoOp, Move(W), NoOp, NoOp, NoOp, NoOp];1
[Pull(W,E), NoOp, NoOp, NoOp, NoOp, Move(W), NoOp, NoOp, NoOp, Move(W)];1
[Pull(W,E), NoOp, NoOp, NoOp, NoOp, Move(W), NoOp, NoOp, NoOp, Move(W)];3
[Pull(W,E), NoOp, NoOp, NoOp, NoOp, Move(W), NoOp, NoOp, NoOp, Move(W)];0
[Pull(W,E), NoOp, NoOp, NoOp, NoOp, Move(W), NoOp, NoOp, NoOp, Move(W)];0
[Pull(W,E), NoOp, NoOp, NoOp, NoOp, Move(W), NoOp, NoOp, NoOp, Move(W)];0
[Pull(W,E), NoOp, NoOp, NoOp, NoOp, Move(N), NoOp, NoOp, NoOp, Move(W)];1
[Pull(W,E), NoOp, NoOp, NoOp, NoOp, Move(W), NoOp, NoOp, NoOp, Move(W)];0
[Pull(W,E), NoOp, NoOp, NoOp, NoOp, Pull(N,W), NoOp, NoOp, Move(N), Move(W)];0
[Pull(W,E), NoOp, NoOp, NoOp, NoOp, Push(S,E), NoOp, NoOp, Move(W), Move(N)];0
[Pull(W,E), NoOp, NoOp, NoOp, NoOp, Push(E,E), NoOp, NoOp, NoOp, Move(N)];0
[Push(E,S), NoOp, NoOp, NoOp, NoOp, Push(E,E), NoOp, NoOp, NoOp, Move(E)];1
[Push(S,S), NoOp, NoOp, NoOp, NoOp, Push(E,S), NoOp, NoOp, NoOp, Move(N)];0
[Move(N), NoOp, NoOp, NoOp, NoOp, Push(S,E), NoOp, NoOp, NoOp, Move(N)];1
[NoOp, NoOp, NoOp, NoOp, NoOp, Push(E,E), NoOp, NoOp, NoOp, Move(N)];0
[NoOp, NoOp, NoOp, NoOp, NoOp, Push(E,E), NoOp, NoOp, NoOp, Move(N)];0
[NoOp, NoOp, NoOp, NoOp, NoOp, Push(E,E), NoOp, NoOp, NoOp, Move(N)];0
[NoOp, NoOp, NoOp, NoOp, NoOp, Push(E,E), NoOp, NoOp, NoOp, Push(N,E)];0
[NoOp, NoOp, NoOp, NoOp, NoOp, Push(E,E), NoOp, NoOp, NoOp, Push(E,E)];1
[NoOp, NoOp, NoOp, Move(W), NoOp, Push(E,E), NoOp, NoOp, NoOp, Push(E,E)];0
[NoOp, NoOp, NoOp, Move(W), NoOp, Push(E,E), NoOp, NoOp, NoOp, Push(E,E)];0
[NoOp, NoOp, NoOp, Move(N), NoOp, Push(E,E), NoOp, NoOp, NoOp, Push(E,E)];0
[NoOp, NoOp, NoOp, Pull(E,W), NoOp, Push(E,N), NoOp, NoOp, NoOp, Push(E,N)];1
[NoOp, NoOp, NoOp, Pull(E,W), NoOp, Push(N,E), NoOp, NoOp, NoOp, Push(N,E)];0
[NoOp, NoOp, NoOp, Pull(S,W), NoOp, Push(E,E), NoOp, NoOp, NoOp, Push(E,E)];2
[NoOp, NoOp, NoOp, Push(N,E), NoOp, Push(E,S), NoOp, NoOp, NoOp, Push(E,E)];0
[Move(S), NoOp, NoOp, Push(E,E), NoOp, Push(S,E), NoOp, NoOp, NoOp, Push(E,E)];1
[NoOp, NoOp, NoOp, Push(E,E), NoOp, Push(E,E), NoOp, NoOp, NoOp, Push(E,E)];0
[NoOp, NoOp, NoOp, Push(E,E), NoOp, Push(E,E), NoOp, NoOp, NoOp, Push(E,N)];0
[NoOp, NoOp, NoOp, Push(E,E), NoOp, Push(E,N), NoOp, NoOp, Move(S), Push(N,E)];0
[NoOp, NoOp, NoOp, Push(E,E), NoOp, Move(E), NoOp, NoOp, NoOp, Push(E,E)];0
[NoOp, NoOp, NoOp, Push(E,E), NoOp, NoOp, NoOp, NoOp, NoOp, Push(E,E)];0
[Move(E), NoOp, NoOp, Push(E,E), NoOp, NoOp, NoOp, NoOp, NoOp, Push(E,E)];0
[Move(E), NoOp, NoOp, Push(E,E), NoOp, NoOp, NoOp, NoOp, Move(N), Push(E,S)];0
[Move(E), NoOp, NoOp, Push(E,E), NoOp, NoOp, NoOp, NoOp, NoOp, Push(S,E)];1
[Move(E), NoOp, NoOp, Push(E,E), NoOp, NoOp, NoOp, NoOp, NoOp, Push(E,S)];0
[Move(N), NoOp, NoOp, Push(E,E), NoOp, NoOp, NoOp, Move(E), NoOp, Push(S,E)];0
[Move(E), NoOp, NoOp, Push(E,E), NoOp, NoOp, NoOp, Move(E), NoOp, Push(E,E)];0
[Move(E), NoOp, NoOp, Push(E,E), NoOp, NoOp, NoOp, Move(E), NoOp, Push(E,E)];0
[Move(E), NoOp, NoOp, Push(E,E), NoOp, NoOp, NoOp, Move(E), NoOp, Push(E,E)];0
[Move(S), NoOp, NoOp, Push(E,E), NoOp, NoOp, NoOp, Move(E), NoOp, NoOp];0
[Move(S), NoOp, NoOp, NoOp, NoOp, NoOp, NoOp, Move(E), NoOp, NoOp];0
[Move(E), NoOp, NoOp, NoOp, NoOp, NoOp, NoOp, Move(E), NoOp, NoOp];1
[Move(S), NoOp, NoOp, NoOp, NoOp, NoOp, NoOp, Move(E), NoOp, NoOp];0
[Move(S), NoOp, NoOp, NoOp, NoOp, NoOp, NoOp, Move(E), NoOp, NoOp];0
[Move(E), NoOp, NoOp, NoOp, NoOp, NoOp, NoOp, Move(N), NoOp, NoOp];0
[Move(S), NoOp, NoOp, NoOp, NoOp, NoOp, NoOp, Move(N), NoOp, NoOp];1
[Move(E), NoOp, NoOp, NoOp, NoOp, NoOp, NoOp, Move(N), NoOp, NoOp];0
[Move(S), NoOp, NoOp, NoOp, NoOp, NoOp, NoOp, Move(W), NoOp, NoOp];0
[Pull(S,E), NoOp, NoOp, NoOp, NoOp, NoOp, NoOp, Move(W), NoOp, NoOp];0
[Push(N,W), NoOp, NoOp, NoOp, NoOp, NoOp, NoOp, Move(N), NoOp, NoOp];1
[Push(W,W), NoOp, NoOp, NoOp, NoOp, NoOp, NoOp, Move(N), NoOp, NoOp];0
[Push(W,W), NoOp, NoOp, NoOp, NoOp, NoOp, NoOp, Push(N,W), NoOp, NoOp];0
[Push(W,W), NoOp, NoOp, NoOp, NoOp, NoOp, NoOp, Push(W,W), NoOp, NoOp];0
[Push(W,W), NoOp, NoOp, NoOp, NoOp, NoOp, NoOp, Push(W,W), NoOp, NoOp];0
[Push(W,S), NoOp, NoOp, NoOp, NoOp, NoOp, NoOp, Push(W,W), NoOp, NoOp];0
[Push(S,W), NoOp, NoOp, NoOp, NoOp, NoOp, NoOp, Push(W,W), NoOp, NoOp];0
[Push(W,W), NoOp, NoOp, NoOp, NoOp, NoOp, NoOp, Push(W,S), NoOp, NoOp];1
[Push(W,W), NoOp, NoOp, NoOp, NoOp, NoOp, NoOp, Push(S,S), NoOp, NoOp];0
[Push(W,W), NoOp, NoOp, NoOp, NoOp, NoOp, NoOp, Push(S,W), NoOp, NoOp];0
[Push(W,W), NoOp, NoOp, NoOp, NoOp, NoOp, NoOp, Push(W,S), NoOp, NoOp];0
[Push(W,W), NoOp, NoOp, NoOp, NoOp, NoOp, NoOp, Push(S,W), NoOp, NoOp];1
[Push(W,N), NoOp, NoOp, NoOp, NoOp, NoOp, NoOp, Push(W,W), NoOp, NoOp];0
[Push(N,W), NoOp, NoOp, NoOp, NoOp, NoOp, NoOp, Push(W,W), NoOp, NoOp];0
[Push(W,W), NoOp, NoOp, NoOp, NoOp, NoOp, NoOp, Push(W,W), NoOp, NoOp];0
[Push(W,W), NoOp, NoOp, NoOp, NoOp, NoOp, NoOp, Push(W,W), NoOp, NoOp];0
[Push(W,W), NoOp, NoOp, NoOp, NoOp, NoOp, NoOp, Push(W,W), NoOp, NoOp];0
[Push(W,W), NoOp, NoOp, NoOp, NoOp, NoOp, NoOp, Push(W,W), NoOp, NoOp];0
[Push(W,W), NoOp, NoOp, NoOp, NoOp, NoOp, NoOp, Push(W,N), NoOp, NoOp];0
[Move(S), NoOp, NoOp, NoOp, NoOp, NoOp, NoOp, Push(N,W), NoOp, NoOp];1
[NoOp, NoOp, NoOp, NoOp, NoOp, NoOp, NoOp, Push(W,W), NoOp, NoOp];0
[NoOp, NoOp, NoOp, NoOp, NoOp, NoOp, NoOp, Push(W,W), NoOp, NoOp];0
[NoOp, NoOp, NoOp, NoOp, NoOp, NoOp, NoOp, Push(W,N), NoOp, NoOp];1
[NoOp, NoOp, NoOp, NoOp, NoOp, NoOp, NoOp, Push(N,W), NoOp, NoOp];0
[NoOp, NoOp, NoOp, NoOp, NoOp, NoOp, NoOp, Push(W,W), NoOp, NoOp];1
[NoOp, NoOp, NoOp, NoOp, NoOp, NoOp, NoOp, Push(W,N), NoOp, NoOp];0
bba1f8f55ba186a9bbf677b67f39779598fac054
successful
664
131
991e001aebc7b27c95c8ab19619171ba801795ab
1496093508782
