red: 0,1,A,B
blue: 2,C
+++++++++++++++++++++++++++
+           c+b           +
+      +++++ ++++++++++++ +
+      +  C+ +            +
+a     +     ++ +++B+++++++
+++++ ++++++++            +
+A          C++++++++++++ +
+ ++++       +            +
+ ++++       + ++++++++++++
+    12      +       B   0+
+++++++++++++++++++++++++++

[Move(W), NoOp, Move(N)];181
[Move(W), NoOp, Move(E)];0
[Move(W), NoOp, Move(E)];1
[Push(W,W), NoOp, Move(N)];0
[Push(W,W), NoOp, Move(N)];0
[Push(W,W), NoOp, Move(W)];0
[Push(W,W), NoOp, Move(W)];0
[Push(W,W), NoOp, Move(W)];0
[Push(W,W), NoOp, Move(N)];0
[Push(W,W), NoOp, Move(N)];0
[Push(W,N), NoOp, Move(E)];1
[Push(N,N), NoOp, Move(N)];0
[Push(N,E), NoOp, Move(N)];0
[Push(E,E), NoOp, Move(N)];1
[Push(E,E), NoOp, Move(E)];0
[Push(E,E), NoOp, Move(E)];0
[Push(E,E), NoOp, Move(E)];1
[Push(E,E), NoOp, Move(E)];0
[Push(E,E), NoOp, Move(E)];0
[Push(E,E), NoOp, Move(E)];1
[Push(E,E), NoOp, Move(S)];0
[Push(E,E), NoOp, Move(S)];0
[Push(E,E), NoOp, Move(S)];1
[Push(E,N), NoOp, Move(W)];0
[Push(N,N), NoOp, Move(W)];0
[Push(N,W), NoOp, Pull(E,N)];0
[Push(W,W), NoOp, Pull(E,W)];0
[Push(W,W), NoOp, Pull(N,W)];1
[Push(W,W), NoOp, Pull(N,S)];0
[Push(W,W), NoOp, Pull(N,S)];0
[Push(W,W), NoOp, Pull(W,S)];0
[Push(W,W), NoOp, NoOp];0
[Push(N,N), NoOp, NoOp];1
[Push(N,E), NoOp, NoOp];0
[Push(E,E), NoOp, NoOp];0
[Push(E,E), NoOp, NoOp];0
[Push(E,E), NoOp, NoOp];1
[Push(E,E), NoOp, NoOp];0
[Push(E,E), NoOp, NoOp];0
[Push(E,N), NoOp, NoOp];1
[Push(N,N), NoOp, NoOp];0
[Push(N,W), NoOp, NoOp];0
[Push(W,W), NoOp, NoOp];0
[Push(W,W), NoOp, NoOp];0
[Push(W,W), NoOp, NoOp];0
[Push(W,W), NoOp, NoOp];1
[Push(W,W), Move(W), NoOp];0
[Push(W,W), Move(W), NoOp];0
[Push(W,W), Move(W), NoOp];1
[Push(W,W), Move(W), NoOp];0
[Push(W,W), Move(N), NoOp];0
[Push(W,W), Move(N), NoOp];0
[NoOp, Push(N,E), NoOp];0
[NoOp, Push(E,E), NoOp];0
[NoOp, Push(E,E), NoOp];0
[NoOp, Push(E,E), NoOp];0
[NoOp, Push(E,N), NoOp];0
[NoOp, Push(N,N), NoOp];1
[NoOp, Push(N,W), NoOp];0
[NoOp, Push(W,W), NoOp];0
[NoOp, Push(W,W), NoOp];0
[NoOp, Push(W,W), NoOp];0
12d7766fed7bb54915ca8486b1d717182092904c
successful
194
62
a14f67a7314db91ee99746ca6a5e935772e1f199
1496093509507
