red: 0,A,E
green: 1,B
cyan: 2,C,D
+++++++++++++++++++++++++++++++++
+0    +               1         +
+ + + +++++++++++++++++++ + + + +
+ a B +         c   +   b     A +
+ + + + +++++++++++++++++ + + + +
+             2C                +
+++ +++++++++++++++++++++++++ +++
+++             Dd            +++
+++ +++++++++++++++++++++++++ +++
+++             eE            +++
+++ +++++++++++++++++++++++++ +++
+++             Bb            +++
+++ +++++++++++++++++++++++++ +++
+++             Bb            +++
+++ +++++++++++++++++++++++++ +++
+++             Bb            +++
+++++++++++++++++++++++++++++++++

[Move(S), Move(E), Pull(W,E)];840
[Move(S), Move(E), Pull(W,E)];1
[Move(S), Move(E), Move(W)];0
[Move(S), Move(S), Move(W)];0
[Move(E), Move(S), Move(W)];0
[Move(E), Move(E), Move(W)];1
[Move(S), Move(E), Move(W)];0
[Move(S), Move(S), Move(W)];0
[Move(S), Move(S), Move(W)];0
[Move(S), Move(E), Move(W)];1
[Move(E), Move(E), Move(W)];0
[Move(E), Move(S), Move(S)];0
[Move(E), Move(S), Move(S)];0
[Move(E), Move(S), Move(E)];0
[Move(E), Move(S), Move(E)];0
[Move(E), Move(S), Move(E)];0
[Move(E), Move(S), Move(E)];1
[Move(E), Move(W), Move(E)];0
[Move(E), Move(W), Move(E)];0
[Move(E), Move(W), Move(E)];1
[Move(E), Move(W), Move(E)];0
[Move(E), Move(W), Move(E)];0
[Move(E), Move(W), Move(E)];0
[Pull(W,E), Move(W), Move(E)];0
[NoOp, Move(W), Move(E)];0
[NoOp, Move(W), Push(E,E)];0
[NoOp, Move(W), Move(W)];0
[NoOp, Move(W), Move(W)];1
[NoOp, Move(W), Move(W)];0
[NoOp, Pull(E,W), Move(W)];1
[NoOp, Move(E), Move(W)];0
[NoOp, Move(E), Move(W)];0
[NoOp, Move(E), Move(W)];1
[NoOp, Move(E), Move(W)];1
[NoOp, Move(E), Move(W)];1
[NoOp, Move(E), Move(W)];1
[NoOp, Move(E), Move(W)];0
[NoOp, Move(E), Move(W)];1
[NoOp, Move(E), Move(W)];0
[NoOp, Move(E), Move(N)];1
[NoOp, Move(E), Move(N)];0
[NoOp, Move(S), Move(E)];0
[NoOp, Move(S), Move(E)];1
[NoOp, Move(W), Move(E)];1
[NoOp, Move(W), Move(E)];0
[NoOp, Move(W), Move(E)];0
[NoOp, Move(W), Move(E)];0
[NoOp, Move(W), Move(E)];1
[NoOp, Move(W), Move(E)];0
[NoOp, Move(W), Move(E)];0
[NoOp, Move(W), Pull(W,E)];0
[Push(E,E), Move(W), Pull(W,E)];0
[Push(E,E), Move(W), Pull(W,E)];1
[Push(E,E), Move(W), Pull(W,E)];0
[Push(E,E), Move(W), Pull(W,E)];0
[Push(E,E), Pull(E,W), Pull(W,E)];0
[Push(E,E), Move(E), Push(E,N)];0
[Push(E,E), Move(E), Push(N,N)];0
[Push(E,E), Move(E), Push(N,E)];0
[Push(E,E), Move(E), Push(E,E)];0
[Push(E,E), Move(E), Push(E,E)];1
[Push(E,E), Move(E), Push(E,E)];0
[Push(E,E), Move(E), Push(E,E)];0
[Push(E,E), Move(E), Push(E,E)];0
[Push(E,N), Move(E), Push(E,E)];0
[Push(N,N), Move(E), Push(E,E)];0
[Push(N,N), Move(E), Push(E,E)];1
[Push(N,N), Move(S), NoOp];0
[Push(N,E), Move(S), NoOp];0
[Move(N), Move(W), NoOp];0
[Move(N), Move(W), NoOp];0
[Pull(S,E), Move(W), NoOp];0
[Pull(S,N), Move(W), NoOp];0
[Pull(S,N), Move(W), NoOp];0
[Pull(S,N), Move(W), NoOp];0
[Pull(S,N), Move(W), NoOp];0
[Pull(S,N), Move(W), NoOp];1
[Pull(W,N), Move(W), NoOp];0
[Pull(W,E), Move(W), NoOp];0
[Pull(W,E), Move(W), NoOp];0
[Pull(W,E), Move(W), NoOp];0
[Pull(W,E), Push(W,W), NoOp];0
[Pull(W,E), Push(W,W), NoOp];0
[Pull(W,E), Push(W,W), NoOp];1
[Pull(W,E), Push(W,W), NoOp];0
[Pull(W,E), Push(W,W), NoOp];0
[Pull(W,E), Push(W,W), NoOp];1
[Pull(W,E), Push(W,W), NoOp];0
[Pull(W,E), Push(W,W), NoOp];0
[Pull(W,E), Push(W,W), NoOp];0
[Pull(W,E), Push(W,W), NoOp];0
[Pull(W,E), Push(W,W), NoOp];0
[Pull(W,E), Push(W,W), NoOp];0
[Pull(W,E), Push(W,W), NoOp];1
[Pull(W,E), Push(W,N), NoOp];0
[Pull(W,E), Push(N,N), NoOp];0
[Pull(W,E), Push(N,E), NoOp];0
[Pull(W,E), Move(N), NoOp];0
[Pull(W,E), Move(N), NoOp];0
[Pull(W,E), Move(N), NoOp];0
[Pull(W,E), Move(N), NoOp];0
[Pull(W,E), Move(N), NoOp];1
[Pull(W,E), Move(N), NoOp];0
[Pull(S,E), Move(N), NoOp];0
[Push(N,N), Move(N), NoOp];0
[Push(N,N), Move(N), NoOp];0
[Push(N,N), Move(N), NoOp];0
[Push(N,N), Push(E,E), NoOp];0
[Push(N,N), Push(E,S), NoOp];0
[Push(N,N), Push(S,S), NoOp];1
[Push(N,W), Push(S,W), NoOp];0
[NoOp, Push(W,W), NoOp];1
[NoOp, Push(W,S), NoOp];0
[Move(S), Push(S,S), NoOp];0
[Move(S), Push(S,S), NoOp];0
[Move(S), Push(S,S), NoOp];1
[Move(S), Push(S,S), NoOp];0
[Move(S), Push(S,S), NoOp];0
[Move(S), Push(S,S), NoOp];0
[Move(E), Push(S,S), NoOp];0
[Move(E), Push(S,S), NoOp];0
[Move(E), Push(S,S), NoOp];0
[Move(E), Push(S,E), NoOp];0
[Move(E), Push(E,E), NoOp];1
[Move(E), Push(E,E), NoOp];0
[Move(E), Push(E,E), NoOp];0
[Move(E), Push(E,E), NoOp];0
[Move(E), Push(E,E), NoOp];0
[Move(E), Push(E,E), NoOp];0
[Move(E), Push(E,E), NoOp];0
[Move(E), Push(E,E), NoOp];0
[Move(E), Push(E,E), NoOp];0
[Move(E), Push(E,E), NoOp];0
[Move(E), Push(E,E), NoOp];0
[Move(E), Push(E,E), NoOp];0
[Move(E), Push(E,E), NoOp];0
[Move(E), Move(W), NoOp];0
[Move(E), Move(W), NoOp];0
[Move(E), Move(W), NoOp];0
[Move(E), Move(W), NoOp];0
[Move(E), Move(W), NoOp];0
[Move(E), Move(W), NoOp];0
[Move(E), Move(W), NoOp];0
[Move(E), Move(W), NoOp];1
[Move(E), Move(W), NoOp];0
[Move(N), Move(W), NoOp];0
[Move(N), Move(W), NoOp];0
[Move(N), Move(W), NoOp];0
[Move(N), Move(W), NoOp];0
[Pull(S,E), Move(N), NoOp];0
[Pull(S,N), Move(N), NoOp];1
[Pull(S,N), Pull(N,E), NoOp];0
[Pull(S,N), Push(S,S), NoOp];0
[Pull(W,N), Move(E), NoOp];0
[Pull(W,E), Move(E), NoOp];0
[Pull(W,E), Move(E), NoOp];0
[Pull(W,E), Move(E), NoOp];0
[Pull(W,E), Move(E), NoOp];0
[Pull(W,E), Move(E), NoOp];0
[Pull(W,E), Move(E), NoOp];1
[Pull(W,E), Move(E), NoOp];0
[Pull(W,E), Move(E), NoOp];0
[Pull(W,E), Move(E), NoOp];0
[Pull(W,E), Move(E), NoOp];0
[Pull(W,E), Move(E), NoOp];1
[Pull(W,E), Move(E), NoOp];0
[Pull(W,E), Push(E,E), NoOp];0
[NoOp, Push(E,E), NoOp];0
[NoOp, Push(E,E), NoOp];0
[NoOp, Push(E,E), NoOp];1
[NoOp, Push(E,E), NoOp];0
[NoOp, Push(E,E), NoOp];0
[NoOp, Push(E,E), NoOp];0
[NoOp, Push(E,E), NoOp];0
[NoOp, Push(E,E), NoOp];0
[NoOp, Push(E,E), NoOp];0
[NoOp, Push(E,E), NoOp];1
[NoOp, Push(E,E), NoOp];0
[NoOp, Push(E,N), NoOp];0
[NoOp, Push(N,N), NoOp];0
[NoOp, Push(N,N), NoOp];0
[NoOp, Push(N,N), NoOp];0
[NoOp, Push(N,N), NoOp];0
[NoOp, Push(N,N), NoOp];1
[NoOp, Push(N,N), NoOp];0
[NoOp, Push(N,N), NoOp];0
[NoOp, Push(N,W), NoOp];0
[NoOp, Push(W,W), NoOp];0
[NoOp, Push(W,W), NoOp];0
[NoOp, Push(W,W), NoOp];1
[NoOp, Push(W,N), NoOp];0
[NoOp, Push(N,N), NoOp];0
[NoOp, Push(N,W), NoOp];0
[NoOp, Move(S), NoOp];0
[NoOp, Move(S), NoOp];0
[NoOp, Move(E), NoOp];0
[NoOp, Move(E), NoOp];1
[NoOp, Move(E), NoOp];0
[NoOp, Move(E), NoOp];0
[NoOp, Move(S), NoOp];0
[NoOp, Move(S), NoOp];1
[NoOp, Move(S), NoOp];0
[NoOp, Move(S), NoOp];0
[NoOp, Move(S), NoOp];0
[NoOp, Move(S), NoOp];0
[NoOp, Move(S), NoOp];0
[NoOp, Move(S), NoOp];1
[NoOp, Move(W), NoOp];0
[NoOp, Move(W), NoOp];0
[NoOp, Move(W), NoOp];0
[NoOp, Move(W), NoOp];1
[NoOp, Move(W), NoOp];0
[NoOp, Move(W), NoOp];0
[NoOp, Move(W), NoOp];0
[NoOp, Move(W), NoOp];1
[NoOp, Move(W), NoOp];0
[NoOp, Move(W), NoOp];0
[NoOp, Move(W), NoOp];0
[NoOp, Move(W), NoOp];0
[NoOp, Move(W), NoOp];1
[NoOp, Move(W), NoOp];0
[NoOp, Move(W), NoOp];0
[NoOp, Move(W), NoOp];0
[NoOp, Move(W), NoOp];0
[NoOp, Move(W), NoOp];0
[NoOp, Move(W), NoOp];1
[NoOp, Move(W), NoOp];0
[NoOp, Move(W), NoOp];0
[NoOp, Move(W), NoOp];0
[NoOp, Move(W), NoOp];0
[NoOp, Move(W), NoOp];0
[NoOp, Move(W), NoOp];0
[NoOp, Move(W), NoOp];4
[NoOp, Pull(E,S), NoOp];1
[NoOp, Pull(E,W), NoOp];0
[NoOp, Pull(E,W), NoOp];0
[NoOp, Pull(E,W), NoOp];1
[NoOp, Pull(E,W), NoOp];0
[NoOp, Pull(E,W), NoOp];0
[NoOp, Pull(E,W), NoOp];0
[NoOp, Pull(E,W), NoOp];0
[NoOp, Pull(E,W), NoOp];0
[NoOp, Pull(E,W), NoOp];0
[NoOp, Pull(E,W), NoOp];1
[NoOp, Pull(E,W), NoOp];0
[NoOp, Pull(E,W), NoOp];0
[NoOp, Pull(E,W), NoOp];0
[NoOp, Pull(E,W), NoOp];0
328dd3d80fc500db0cccdbf10bf522e688f35675
successful
890
248
002d5f0e2721ed48bb8c5a238cc9b85714219a54
1496094082174
