red: 0,B,C,D,E
green: 1,A,F,G,H,I,J
++++++++++++
+     fghij+
+  0  ++++++
+     FGHIJ+
+A+E+a++++++
+B+ +b+
+C+ +c+
+D+1+d+
+++++++

[Move(S), Move(N)];68959
[Pull(N,S), Move(N)];0
[Pull(W,S), Move(N)];0
[NoOp, Move(N)];0
[NoOp, Move(W)];0
[NoOp, Move(W)];0
[NoOp, Pull(N,S)];0
[NoOp, Pull(N,S)];1
[NoOp, Pull(E,S)];0
[Move(W), NoOp];0
[Move(S), Move(S)];0
[Move(S), Move(S)];0
[Pull(N,S), Move(E)];0
[Pull(N,S), Move(E)];0
[Pull(E,S), Move(E)];0
[Pull(N,W), Pull(W,E)];1
[Move(E), Push(E,N)];0
[Move(E), Push(N,N)];0
[Move(S), Push(N,E)];0
[Move(S), Move(S)];1
[Move(W), Move(S)];0
[Move(W), Move(E)];0
[Move(W), Pull(W,E)];0
[Move(S), Pull(S,E)];0
[Move(S), Push(N,N)];1
[Pull(N,S), Move(E)];0
[Pull(N,S), Move(E)];0
[Pull(E,S), Pull(W,E)];0
[Pull(E,W), Pull(W,E)];0
[Pull(S,W), Pull(S,E)];1
[Pull(S,N), Pull(S,N)];0
[Push(N,N), Pull(S,N)];0
[Push(N,E), Push(N,N)];0
[Move(W), Push(N,N)];0
[Push(N,N), Push(N,E)];1
[Move(S), Push(N,W)];0
[Move(E), Move(S)];0
[Pull(S,E), Move(N)];1
[Pull(S,N), Move(S)];0
[NoOp, Pull(S,E)];0
[NoOp, Push(N,N)];0
[NoOp, Push(N,N)];0
[NoOp, Move(S)];1
[NoOp, Move(E)];0
[NoOp, Move(E)];0
[NoOp, Move(E)];0
[NoOp, Pull(W,E)];0
[NoOp, Pull(W,E)];0
[NoOp, Pull(W,E)];0
[NoOp, Pull(N,E)];1
[NoOp, Push(S,S)];0
[NoOp, Move(E)];0
[NoOp, Move(E)];0
[NoOp, Move(E)];0
[NoOp, Move(E)];0
[NoOp, Pull(W,E)];0
[NoOp, Pull(W,E)];1
[NoOp, Pull(W,E)];0
[NoOp, Pull(W,E)];0
[NoOp, Pull(N,E)];0
[NoOp, Push(N,W)];1
[NoOp, Push(W,W)];0
[NoOp, Push(S,E)];0
[NoOp, Push(E,N)];1
[NoOp, Pull(W,S)];0
[NoOp, Pull(N,E)];0
[NoOp, Push(E,S)];0
[NoOp, Push(S,S)];0
[NoOp, Pull(N,W)];0
[NoOp, Pull(W,E)];0
[NoOp, Pull(S,E)];0
[NoOp, Push(E,N)];0
[NoOp, Push(N,E)];0
[NoOp, Push(E,E)];0
[NoOp, Push(E,E)];0
[NoOp, Push(E,E)];0
[Push(N,N), Push(E,E)];0
[Push(N,E), Move(W)];0
[Move(W), Move(W)];0
[Move(W), Move(W)];1
[Move(S), Move(W)];0
[Move(S), Move(S)];0
[Move(S), Push(S,E)];0
[Pull(N,S), Pull(N,S)];0
[Pull(N,S), Pull(N,S)];0
[Pull(N,S), Pull(E,S)];0
[Pull(E,S), Push(W,S)];0
[Pull(N,W), Push(S,W)];0
[Push(E,S), Move(S)];1
[Push(S,S), Push(E,E)];0
[Pull(N,E), Move(W)];0
[Pull(W,S), Move(W)];0
[Push(S,E), Move(E)];1
[Push(E,E), Move(E)];0
[Push(E,E), NoOp];0
[NoOp, NoOp];0
[Push(E,S), NoOp];0
[Push(S,S), NoOp];0
[Push(S,S), Move(W)];1
[Push(S,S), Move(N)];0
[Move(N), Pull(S,W)];0
[Move(N), Push(N,N)];0
[Move(N), Push(N,E)];0
[Move(W), Push(E,E)];0
[Move(W), Push(E,E)];1
[Pull(E,N), Push(E,E)];0
[Pull(E,W), Move(W)];0
[Pull(E,W), Move(W)];0
[Push(W,S), Move(W)];0
[Push(S,S), Push(W,S)];0
[Push(S,S), Pull(E,W)];0
[NoOp, Pull(E,W)];0
[Move(N), Push(W,S)];0
[Move(N), Pull(W,S)];1
[Move(N), Push(E,E)];0
[NoOp, Push(E,E)];0
[Move(N), Push(E,E)];0
[Move(W), NoOp];0
[Move(W), Move(W)];0
[Push(W,S), Move(W)];0
[Push(S,S), Move(W)];0
[Push(S,E), Move(W)];0
[Push(E,E), Move(W)];0
[Push(E,E), Push(W,S)];0
[Push(E,S), Push(S,S)];0
[Push(S,S), Push(S,E)];0
[Move(N), Push(E,E)];0
[Move(E), Push(E,E)];0
[NoOp, Push(E,E)];0
[NoOp, Push(E,S)];1
[NoOp, Move(N)];0
[Move(W), NoOp];0
[Move(W), NoOp];0
[NoOp, Move(S)];0
[NoOp, Move(E)];0
[NoOp, Pull(W,E)];0
[NoOp, Pull(N,E)];0
[NoOp, Pull(N,S)];1
[NoOp, Pull(W,S)];0
[NoOp, Push(E,E)];0
[NoOp, Push(E,E)];0
[NoOp, Move(W)];0
[NoOp, Move(S)];0
[NoOp, Pull(N,W)];0
[NoOp, Pull(W,S)];1
[NoOp, Push(E,E)];0
a4a9e222b70ab32f4a2fa60eec777a68ea0e23ff
successful
68980
146
96eed13ea500c29e703ebf1a946c619dd58e3b97
1496094083279
