blue: 0,1,7,A,B,T,W
red: 2,9,C,D,G,L
green: 3,8,E,H
magenta: 4,F,U
orange: 5,6,P,S,J
+++++++++++++++++++++++++++++++++++
+a       A+1dD    +a++++  s+   J  +
+         +        C+      +      +
+3        +       +++             +
+         +    A    +    0 +      +
+E        +        2+  WW  +      +
+e        +Bb      c+5WWWWS+     j+
+++++ +++++++ +++ +++++++++++++ +++
++f     C +D       +++e  H +      +
++                  h      +      +
++c    F  +d      E+++     +      +
+++++ +++++++++ ++++++++++++      +
+ d     a   h       +   P  ++++  ++
+   D 4 A         H +6 FFFF+++  +++
+++++++++++++++++++++++++++++ s++++
+t      l  9          e   e+  +++++
+      THE JUNGLE          +     W+
+ 7     h     8    g       + S   w+
+++++++++++++++++++++++++++++++++++

[NoOp, Move(S), Move(N), Move(S), NoOp, NoOp, NoOp, Move(N), Move(W), NoOp];26884
[NoOp, Move(S), Move(W), Push(S,S), NoOp, NoOp, NoOp, Move(E), NoOp, NoOp];1
[NoOp, Move(S), Move(W), Move(E), NoOp, NoOp, NoOp, Move(E), NoOp, NoOp];0
[NoOp, Move(E), Move(N), Move(S), NoOp, NoOp, NoOp, Move(E), NoOp, NoOp];0
[NoOp, Move(E), Move(N), Move(E), NoOp, NoOp, NoOp, Move(E), NoOp, NoOp];0
[NoOp, Move(E), Move(E), Move(E), NoOp, NoOp, NoOp, Pull(W,E), NoOp, NoOp];0
[NoOp, Push(E,N), Pull(W,E), Move(E), NoOp, NoOp, NoOp, Pull(S,E), NoOp, NoOp];1
[NoOp, Push(N,N), Pull(W,E), Move(S), NoOp, NoOp, NoOp, Push(N,N), NoOp, NoOp];0
[NoOp, Push(N,N), Pull(S,E), Move(S), NoOp, NoOp, NoOp, Push(N,W), NoOp, NoOp];0
[NoOp, Push(N,E), Move(S), Move(E), NoOp, NoOp, NoOp, Push(W,W), NoOp, NoOp];1
[NoOp, Push(E,E), Move(E), Move(S), NoOp, NoOp, NoOp, Push(W,W), NoOp, NoOp];0
[NoOp, Push(E,S), NoOp, Move(E), NoOp, NoOp, NoOp, Push(W,W), NoOp, NoOp];0
[NoOp, Push(S,E), NoOp, Move(E), NoOp, NoOp, NoOp, NoOp, NoOp, NoOp];1
[NoOp, Push(E,E), NoOp, Move(E), NoOp, NoOp, NoOp, NoOp, NoOp, NoOp];0
[NoOp, Push(E,N), NoOp, Move(E), NoOp, NoOp, NoOp, NoOp, NoOp, NoOp];0
[NoOp, Move(W), NoOp, Move(E), NoOp, NoOp, NoOp, NoOp, NoOp, NoOp];1
[NoOp, Move(W), NoOp, Move(S), NoOp, NoOp, NoOp, NoOp, NoOp, NoOp];0
[NoOp, Move(N), NoOp, Move(E), NoOp, NoOp, NoOp, NoOp, NoOp, NoOp];0
[NoOp, Move(W), NoOp, Move(E), NoOp, NoOp, NoOp, NoOp, NoOp, NoOp];0
[NoOp, Move(W), NoOp, Move(E), NoOp, NoOp, NoOp, NoOp, NoOp, NoOp];1
[NoOp, Move(W), NoOp, Move(E), NoOp, NoOp, NoOp, NoOp, NoOp, NoOp];0
[NoOp, Move(S), NoOp, Move(S), NoOp, NoOp, NoOp, NoOp, NoOp, NoOp];0
[NoOp, Move(W), NoOp, Move(S), NoOp, NoOp, NoOp, NoOp, NoOp, NoOp];0
[NoOp, Move(W), NoOp, Move(E), NoOp, NoOp, NoOp, NoOp, NoOp, NoOp];1
[NoOp, Move(W), NoOp, Move(S), NoOp, NoOp, NoOp, NoOp, NoOp, NoOp];0
[NoOp, Move(S), NoOp, Move(E), NoOp, NoOp, NoOp, NoOp, NoOp, NoOp];0
[NoOp, Move(S), NoOp, Push(E,N), NoOp, NoOp, NoOp, NoOp, NoOp, NoOp];0
[NoOp, Move(S), NoOp, Push(N,W), NoOp, NoOp, NoOp, NoOp, NoOp, NoOp];1
[NoOp, Push(S,E), NoOp, Push(W,W), NoOp, NoOp, NoOp, NoOp, NoOp, NoOp];0
[NoOp, Move(N), NoOp, Push(W,W), NoOp, NoOp, NoOp, NoOp, NoOp, NoOp];0
[NoOp, Move(E), Move(S), Push(W,W), NoOp, Move(N), NoOp, NoOp, NoOp, NoOp];0
[NoOp, Move(E), Move(S), Push(W,W), NoOp, Move(E), NoOp, NoOp, NoOp, NoOp];1
[NoOp, Move(S), Move(S), Push(W,W), NoOp, Move(N), NoOp, NoOp, NoOp, NoOp];0
[NoOp, Move(S), Move(S), NoOp, NoOp, Move(E), NoOp, NoOp, Move(W), NoOp];0
[Move(E), Move(S), Move(W), NoOp, NoOp, Move(E), NoOp, NoOp, Move(W), NoOp];1
[Move(N), Move(W), Move(W), NoOp, NoOp, Move(E), NoOp, NoOp, Move(W), NoOp];0
[Move(E), Move(S), Move(W), NoOp, NoOp, Move(E), NoOp, NoOp, Move(W), NoOp];0
[Move(E), Move(W), Move(W), NoOp, NoOp, Move(S), NoOp, NoOp, Push(N,E), NoOp];0
[Move(E), Move(W), Move(W), NoOp, NoOp, Pull(N,S), NoOp, NoOp, Push(E,N), Move(E)];0
[Move(S), Move(W), Push(W,S), NoOp, NoOp, Pull(N,S), NoOp, NoOp, Push(N,E), Move(E)];1
[Move(E), Move(W), Push(S,S), NoOp, NoOp, Pull(N,S), NoOp, NoOp, Push(E,E), Move(E)];0
[Move(E), Move(W), Move(N), NoOp, NoOp, Pull(N,S), NoOp, NoOp, Push(E,E), Push(S,S)];0
[Move(S), Move(N), Move(E), NoOp, NoOp, Pull(W,S), NoOp, NoOp, Push(E,E), Push(S,E)];1
[Move(S), Move(W), Move(E), NoOp, NoOp, Move(S), NoOp, NoOp, Push(E,E), Push(E,E)];0
[Move(S), Move(W), Move(N), NoOp, NoOp, Move(E), NoOp, NoOp, Push(E,E), Push(E,E)];1
[Move(S), Move(N), Move(N), NoOp, NoOp, Move(S), NoOp, NoOp, Push(E,E), Push(E,E)];0
[Move(E), Move(N), Move(N), NoOp, NoOp, Move(E), NoOp, NoOp, Push(E,E), Push(E,E)];0
[Move(E), Move(N), Move(N), NoOp, NoOp, Move(E), NoOp, NoOp, Push(E,E), Move(W)];0
[Move(S), Move(E), Move(N), NoOp, NoOp, Move(E), NoOp, NoOp, Push(E,E), NoOp];1
[Move(S), Move(N), Move(N), NoOp, NoOp, Move(N), NoOp, NoOp, Push(E,E), NoOp];0
[Move(S), Move(N), Push(N,W), NoOp, NoOp, Move(N), NoOp, NoOp, Push(E,E), NoOp];0
[Move(W), Move(N), Move(E), NoOp, NoOp, Move(E), NoOp, NoOp, Move(S), NoOp];0
[Move(S), Move(N), Move(E), NoOp, NoOp, Push(E,E), NoOp, NoOp, Move(W), NoOp];1
[Move(W), Move(E), Move(E), NoOp, NoOp, Push(E,S), NoOp, NoOp, Move(W), NoOp];0
[Move(S), Move(E), Push(S,E), NoOp, NoOp, Push(S,S), NoOp, NoOp, Move(W), NoOp];0
[Move(W), Pull(W,E), Push(E,S), NoOp, NoOp, Push(S,S), NoOp, NoOp, Move(W), NoOp];1
[Move(S), Pull(W,E), Push(S,S), NoOp, NoOp, Push(S,E), NoOp, NoOp, Pull(N,W), NoOp];0
[Move(W), Pull(W,E), Push(S,E), NoOp, NoOp, Push(E,S), NoOp, NoOp, Pull(W,S), NoOp];0
[Move(S), Pull(W,E), Push(E,S), NoOp, NoOp, Push(S,S), NoOp, NoOp, Push(E,E), NoOp];0
[Move(S), Pull(W,E), Push(S,S), NoOp, NoOp, Move(W), NoOp, NoOp, Push(E,E), NoOp];0
[Move(E), Pull(W,E), Push(S,E), NoOp, NoOp, Move(W), NoOp, NoOp, Push(E,E), NoOp];0
[Move(E), Pull(W,E), Move(W), NoOp, NoOp, Move(S), NoOp, NoOp, Push(E,E), NoOp];0
[Move(E), Pull(S,E), Move(S), NoOp, NoOp, Move(S), NoOp, NoOp, Push(E,S), NoOp];1
[Push(E,S), NoOp, Move(S), Move(E), NoOp, Move(S), NoOp, NoOp, Push(S,E), NoOp];0
[NoOp, Move(E), Move(W), Move(E), NoOp, Move(W), NoOp, NoOp, Push(E,E), NoOp];0
[NoOp, Move(S), Move(W), Move(N), NoOp, Move(S), NoOp, NoOp, Push(E,N), NoOp];0
[NoOp, Move(E), Move(S), Move(N), NoOp, Move(W), NoOp, NoOp, Push(N,E), NoOp];1
[NoOp, Move(E), Move(W), Move(E), NoOp, Move(S), NoOp, NoOp, Push(E,E), NoOp];0
[NoOp, Move(E), Move(S), Move(E), NoOp, Move(S), NoOp, NoOp, Push(E,E), NoOp];0
[NoOp, Move(E), Move(W), Push(E,N), NoOp, Move(E), NoOp, NoOp, Move(W), NoOp];1
[NoOp, Move(S), Move(W), Push(N,N), NoOp, Move(E), NoOp, NoOp, Move(W), NoOp];0
[NoOp, Move(E), Move(N), Pull(E,N), NoOp, Move(S), NoOp, NoOp, Move(S), NoOp];0
[NoOp, Move(S), Move(W), Pull(E,W), NoOp, Move(S), NoOp, NoOp, Move(W), NoOp];0
[NoOp, Move(S), Move(W), Pull(E,W), NoOp, Move(W), NoOp, NoOp, Move(W), NoOp];1
[NoOp, Move(W), Move(W), Pull(E,W), NoOp, Move(S), NoOp, NoOp, Move(W), NoOp];0
[NoOp, Move(W), Move(W), Pull(S,W), NoOp, Move(W), NoOp, NoOp, Move(W), NoOp];0
[NoOp, Move(S), Move(W), Push(N,N), NoOp, Move(S), NoOp, NoOp, Move(W), NoOp];1
[NoOp, Move(S), Move(W), Move(E), NoOp, Move(S), NoOp, NoOp, Move(W), NoOp];0
[NoOp, Move(E), Move(W), Move(E), NoOp, Pull(N,S), NoOp, NoOp, Move(W), NoOp];0
[NoOp, Move(S), Move(S), Move(E), NoOp, Pull(W,S), NoOp, NoOp, Move(S), NoOp];0
[NoOp, Move(S), Move(S), Pull(W,N), NoOp, Push(E,N), NoOp, NoOp, Move(W), NoOp];0
[NoOp, Move(W), Move(S), Pull(W,E), NoOp, Push(N,E), NoOp, NoOp, Move(W), NoOp];0
[NoOp, Move(S), Move(W), Pull(W,E), NoOp, NoOp, NoOp, NoOp, Move(W), NoOp];0
[NoOp, Move(S), Pull(W,S), Pull(W,E), NoOp, NoOp, NoOp, NoOp, Move(W), NoOp];1
[NoOp, Move(E), Pull(W,E), Pull(W,E), NoOp, NoOp, NoOp, NoOp, Move(W), NoOp];0
[NoOp, Move(E), Pull(W,E), Pull(W,E), NoOp, NoOp, NoOp, NoOp, Move(W), NoOp];0
[NoOp, Move(S), Move(S), NoOp, NoOp, NoOp, NoOp, NoOp, Move(N), NoOp];0
[NoOp, Push(E,N), Move(E), NoOp, NoOp, NoOp, NoOp, NoOp, Move(W), NoOp];1
[NoOp, NoOp, Move(E), NoOp, NoOp, NoOp, NoOp, NoOp, Push(W,S), NoOp];0
[NoOp, NoOp, Move(E), NoOp, NoOp, NoOp, NoOp, NoOp, NoOp, NoOp];0
[NoOp, NoOp, Move(N), NoOp, NoOp, NoOp, NoOp, NoOp, NoOp, NoOp];0
[NoOp, NoOp, Move(E), NoOp, NoOp, NoOp, NoOp, NoOp, NoOp, NoOp];0
[NoOp, NoOp, Move(N), NoOp, NoOp, NoOp, NoOp, NoOp, NoOp, NoOp];0
[NoOp, NoOp, Move(N), NoOp, NoOp, NoOp, NoOp, NoOp, NoOp, NoOp];0
[NoOp, NoOp, Move(N), NoOp, Move(N), NoOp, NoOp, NoOp, NoOp, NoOp];0
[NoOp, NoOp, Move(N), NoOp, Move(W), NoOp, NoOp, NoOp, NoOp, NoOp];0
[NoOp, NoOp, Move(E), NoOp, Move(N), NoOp, NoOp, NoOp, NoOp, NoOp];0
[NoOp, NoOp, Move(E), NoOp, Move(N), NoOp, NoOp, NoOp, NoOp, NoOp];1
[NoOp, NoOp, Pull(W,E), NoOp, Move(E), NoOp, NoOp, NoOp, NoOp, NoOp];0
[NoOp, NoOp, Pull(W,E), NoOp, Push(E,N), NoOp, NoOp, NoOp, NoOp, NoOp];0
[NoOp, NoOp, Pull(W,E), NoOp, Push(N,W), NoOp, NoOp, NoOp, NoOp, NoOp];0
[NoOp, NoOp, Pull(W,E), NoOp, Push(W,N), NoOp, NoOp, NoOp, NoOp, NoOp];0
[NoOp, NoOp, Pull(W,E), NoOp, NoOp, NoOp, NoOp, NoOp, NoOp, NoOp];0
[NoOp, NoOp, Pull(S,E), NoOp, Push(N,W), NoOp, NoOp, NoOp, NoOp, NoOp];0
[NoOp, NoOp, Pull(S,N), NoOp, Push(W,W), NoOp, NoOp, NoOp, NoOp, Move(W)];0
[NoOp, NoOp, Pull(E,N), NoOp, Push(W,W), NoOp, NoOp, NoOp, NoOp, Move(W)];0
[NoOp, NoOp, NoOp, NoOp, Push(W,W), NoOp, NoOp, NoOp, NoOp, Push(N,N)];1
[NoOp, NoOp, NoOp, NoOp, NoOp, NoOp, NoOp, NoOp, NoOp, Push(N,W)];0
[NoOp, NoOp, NoOp, NoOp, NoOp, NoOp, NoOp, NoOp, NoOp, Push(W,W)];0
[NoOp, NoOp, NoOp, NoOp, NoOp, NoOp, NoOp, NoOp, NoOp, Push(W,W)];0
[NoOp, NoOp, NoOp, NoOp, NoOp, NoOp, NoOp, NoOp, NoOp, Push(W,W)];0
[NoOp, NoOp, NoOp, NoOp, NoOp, NoOp, NoOp, NoOp, NoOp, Push(W,W)];0
[NoOp, NoOp, NoOp, NoOp, NoOp, NoOp, NoOp, NoOp, NoOp, Push(W,W)];0
[NoOp, NoOp, NoOp, NoOp, NoOp, NoOp, NoOp, NoOp, NoOp, Push(W,W)];1
648f731f9fc3b4c68f6e65b36a5ca74986bf9e78
successful
26910
114
a0b3f6551ada4576abbd08d852d5f98c11df20d4
1496095054231
