red: 0,A
blue: 1,B
+++++++++++++++++++
+        0        +
+       +++       +
+   ++++ a   ++   +
+       +++       +
+  +++++++++++++  +
+        +        +
+    +  A B  +    +
+                 +
+  ++++++++++++++++
+     ++++++++    +
+   ++   b   ++   +
+       +++       +
+        1        +
+++++++++++++++++++

[Move(W), Move(E)];170
[Move(W), Move(E)];0
[Move(S), Move(N)];1
[Move(W), Move(N)];0
[Move(W), Move(W)];0
[Move(W), Move(W)];0
[Move(W), Move(W)];0
[Move(S), Move(W)];1
[Move(S), Move(S)];0
[Move(W), Move(W)];0
[Move(S), Move(W)];0
[Move(S), Move(W)];0
[Move(E), Move(W)];1
[Move(E), Move(N)];0
[Move(E), Move(N)];0
[Move(E), Move(W)];0
[Move(E), Move(N)];1
[Move(E), Move(N)];0
[Pull(W,S), Move(E)];0
[Pull(W,E), Move(E)];0
[Pull(S,E), Move(E)];0
[Push(N,W), Move(E)];0
[Push(W,W), Move(E)];0
[Push(W,W), Move(E)];0
[Push(W,W), Move(E)];1
[Push(W,N), Move(N)];0
[Push(N,N), Pull(S,E)];0
[Push(N,N), Pull(W,N)];0
[Pull(E,N), Pull(W,E)];1
[Pull(N,W), Pull(W,E)];0
[Pull(N,S), Pull(W,E)];0
[Pull(E,S), Pull(W,E)];0
[Pull(E,W), Pull(W,E)];0
[Pull(E,W), Pull(N,E)];0
[Pull(E,W), Push(S,W)];0
[Pull(N,W), Push(W,S)];0
[Pull(W,S), Push(S,S)];1
[Push(E,E), Push(S,S)];0
[Push(E,E), Push(S,E)];0
[Push(E,E), Push(E,S)];0
[Push(E,E), Push(S,E)];1
[Push(E,S), Push(E,E)];0
[Push(S,S), Push(E,E)];0
[Push(S,W), Push(E,E)];0
[Push(W,W), Push(E,N)];1
[NoOp, Push(N,E)];0
[NoOp, Push(E,E)];0
468f0de550820ea921f1192b0fccf693ad67b8ac
successful
179
47
d9cc5aaccd940cbbed1c9ae5cffac71c07e8c983
1496095381192
