red:0,V
yellow:1,D
magenta:2,W
orange:3,F
green:H
+++++++++++++++++++++++++++++++
+        TEAM LIQUORICE       +
+++++++++++++++++++++++++++++++
+0          M    w           2+
+ + + + + + + + + + + + + + + +
+               H             +
+ + + + + + + + + + + + + + + +
+   H                 W       +
+ + + + + + + + + + + + + + + +
+     D                       +
+ + + + + + + + + + +H+ + + + +
+  v       d     H           V+
+ + + + + + + + + + + + + + + +
+3f              F          V1+
+++++++++++++++++++++++++++++++
+      BOMBERMAN CLASSIC      +
+++++++++++++++++++++++++++++++

[Move(S), NoOp, Move(W), NoOp];335
[Move(S), NoOp, Move(W), NoOp];0
[Move(E), NoOp, Move(S), NoOp];0
[Move(E), NoOp, Move(S), NoOp];1
[Move(S), NoOp, Move(W), NoOp];0
[Move(S), NoOp, Move(W), NoOp];0
[Move(S), NoOp, Move(S), NoOp];0
[Move(S), NoOp, Move(S), NoOp];1
[Move(S), NoOp, Move(W), NoOp];0
[Move(S), NoOp, Move(W), NoOp];0
[Move(S), NoOp, Push(W,W), NoOp];1
[Move(S), NoOp, Push(W,W), NoOp];0
[Move(E), NoOp, Push(W,W), Move(E)];0
[Move(E), NoOp, Push(W,N), Move(E)];1
[Move(E), NoOp, Push(N,N), Move(E)];0
[Move(E), NoOp, Push(N,W), Move(E)];0
[Move(E), NoOp, Push(W,W), Move(E)];1
[Move(E), NoOp, Push(W,N), Move(E)];0
[Move(E), NoOp, Push(N,N), Move(E)];1
[Move(E), NoOp, NoOp, Move(E)];0
[Move(E), NoOp, NoOp, Move(E)];0
[Move(E), NoOp, NoOp, Move(E)];1
[Move(E), NoOp, NoOp, Move(E)];0
[Move(E), NoOp, NoOp, Move(E)];0
[Move(N), NoOp, NoOp, Move(E)];1
[Move(N), NoOp, NoOp, Move(E)];1
[Move(N), NoOp, NoOp, Move(E)];0
[Move(N), NoOp, NoOp, Pull(W,E)];0
[Move(E), NoOp, NoOp, Pull(N,E)];1
[Move(E), NoOp, NoOp, Push(S,W)];0
[Move(E), NoOp, NoOp, Push(W,W)];0
[Move(E), NoOp, NoOp, Push(W,W)];1
[Move(E), NoOp, NoOp, Push(W,W)];0
[Move(E), NoOp, NoOp, Push(W,W)];0
[Move(E), NoOp, NoOp, Push(W,W)];1
[Move(E), NoOp, NoOp, Push(W,W)];0
[Move(E), NoOp, NoOp, Push(W,W)];0
[Move(E), NoOp, NoOp, Push(W,W)];1
[Move(E), NoOp, NoOp, Push(W,W)];0
[Move(E), NoOp, NoOp, Push(W,W)];0
[Move(S), NoOp, NoOp, Push(W,W)];0
[Move(S), NoOp, NoOp, Push(W,W)];0
[Move(S), NoOp, NoOp, Move(E)];0
[Move(S), NoOp, NoOp, Move(E)];0
[Pull(N,E), NoOp, NoOp, Move(N)];1
[Pull(N,S), Move(W), NoOp, NoOp];0
[Move(E), Move(W), NoOp, NoOp];0
[Pull(W,E), Move(W), NoOp, NoOp];0
[Push(S,S), Move(W), NoOp, NoOp];1
[Push(S,W), Move(W), NoOp, NoOp];0
[Push(W,W), Move(W), NoOp, NoOp];0
[Push(W,W), Move(W), NoOp, NoOp];0
[Push(W,W), Move(W), NoOp, NoOp];0
[Push(W,W), Move(N), NoOp, NoOp];0
[Push(W,W), Move(N), NoOp, NoOp];0
[Push(W,W), Move(W), NoOp, NoOp];1
[Push(W,W), Move(W), NoOp, NoOp];0
[Push(W,W), Move(N), NoOp, NoOp];0
[Push(W,W), Move(N), NoOp, NoOp];0
[Push(W,W), Move(W), NoOp, NoOp];1
[Push(W,W), Move(W), NoOp, NoOp];0
[Push(W,W), Move(W), NoOp, NoOp];0
[Push(W,W), Move(W), NoOp, NoOp];0
[Push(W,W), Move(W), NoOp, NoOp];1
[Push(W,W), Move(W), NoOp, NoOp];0
[Push(W,W), Move(W), NoOp, NoOp];0
[Push(W,W), Move(W), NoOp, NoOp];0
[Push(W,W), Move(W), NoOp, NoOp];0
[Push(W,W), Move(W), NoOp, NoOp];0
[Push(W,W), Move(W), NoOp, NoOp];0
[Push(W,W), Move(W), NoOp, NoOp];1
[Push(W,W), Pull(E,W), NoOp, NoOp];0
[Push(W,W), Pull(E,W), NoOp, NoOp];0
[Push(W,N), Pull(E,W), NoOp, NoOp];0
[Push(N,N), Pull(E,W), NoOp, NoOp];0
[NoOp, Pull(S,W), NoOp, NoOp];0
[NoOp, Pull(S,N), NoOp, NoOp];0
[NoOp, Pull(E,N), NoOp, NoOp];0
ea47c46412e7bf175bce23836de8e2b44b85274e
successful
354
78
d17a2304816fb0c3c6f6c091e34ab4755de067d4
1496095381909
