red: 1,2,A,B,C
cyan: 3,4,D,E,F
blue: 5,6,0,7,G,H,X,Y
 ++++++++    ++++++++
 +abcg  +    +  hdef+
 +++++ ++    ++ +++++
 +0  + +      + +   +
 +  Y+ +      + +X 7+
 +++++ ++++++++ +++++
    +            +
+++++ ++++++++++ +++++
+1        DA        3+
+     ++++++++++     +
+5       EGHB       6+
+     ++++++++++     +
+2        FC        4+
++++++++++++++++++++++

[NoOp, NoOp, NoOp, NoOp, Move(W), Move(N), NoOp, NoOp];436
[NoOp, NoOp, NoOp, NoOp, Move(W), NoOp, NoOp, NoOp];1
[NoOp, NoOp, NoOp, NoOp, Move(W), NoOp, NoOp, NoOp];0
[NoOp, NoOp, NoOp, NoOp, Move(W), NoOp, NoOp, NoOp];0
[NoOp, NoOp, NoOp, NoOp, Move(N), NoOp, NoOp, NoOp];0
[NoOp, NoOp, NoOp, NoOp, Move(N), NoOp, NoOp, NoOp];1
[NoOp, NoOp, NoOp, NoOp, Move(N), NoOp, NoOp, NoOp];0
[NoOp, NoOp, NoOp, NoOp, Move(N), NoOp, NoOp, NoOp];0
[NoOp, NoOp, NoOp, NoOp, Move(N), NoOp, NoOp, NoOp];0
[NoOp, NoOp, NoOp, NoOp, Move(N), NoOp, NoOp, NoOp];1
[NoOp, NoOp, NoOp, NoOp, Move(W), NoOp, NoOp, NoOp];0
[NoOp, NoOp, NoOp, NoOp, Move(W), NoOp, NoOp, NoOp];0
[NoOp, NoOp, NoOp, NoOp, Move(W), NoOp, NoOp, NoOp];0
[NoOp, NoOp, NoOp, NoOp, Move(W), NoOp, NoOp, NoOp];0
[NoOp, NoOp, NoOp, NoOp, Move(W), NoOp, NoOp, NoOp];0
[NoOp, NoOp, NoOp, NoOp, Move(W), NoOp, NoOp, NoOp];0
[NoOp, NoOp, NoOp, NoOp, Move(W), NoOp, NoOp, NoOp];0
[NoOp, NoOp, NoOp, NoOp, Move(W), NoOp, NoOp, NoOp];0
[NoOp, NoOp, NoOp, NoOp, Move(W), NoOp, NoOp, NoOp];1
[NoOp, NoOp, NoOp, NoOp, Move(W), NoOp, NoOp, NoOp];0
[NoOp, NoOp, NoOp, NoOp, Move(W), NoOp, NoOp, NoOp];0
[NoOp, NoOp, NoOp, NoOp, Move(S), NoOp, NoOp, NoOp];0
[NoOp, NoOp, NoOp, NoOp, Move(S), NoOp, NoOp, NoOp];1
[NoOp, NoOp, NoOp, NoOp, Move(S), NoOp, NoOp, NoOp];0
[NoOp, Move(E), NoOp, NoOp, Move(S), NoOp, NoOp, NoOp];0
[NoOp, Move(E), NoOp, NoOp, Move(S), NoOp, NoOp, NoOp];0
[NoOp, Move(E), NoOp, NoOp, Move(S), NoOp, NoOp, NoOp];0
[NoOp, Move(E), NoOp, NoOp, Move(E), NoOp, NoOp, NoOp];0
[NoOp, Move(N), NoOp, NoOp, Move(E), NoOp, NoOp, NoOp];0
[NoOp, Move(N), NoOp, NoOp, Move(E), NoOp, NoOp, NoOp];0
[NoOp, Move(E), NoOp, NoOp, Move(E), NoOp, NoOp, NoOp];0
[NoOp, Move(E), NoOp, NoOp, Pull(W,E), NoOp, NoOp, NoOp];1
[NoOp, Move(E), NoOp, NoOp, Pull(W,E), NoOp, NoOp, NoOp];0
[NoOp, Move(E), NoOp, NoOp, Pull(W,E), NoOp, NoOp, NoOp];0
[NoOp, Move(E), NoOp, NoOp, Pull(W,E), NoOp, NoOp, NoOp];0
[NoOp, Move(E), NoOp, NoOp, Pull(N,E), NoOp, NoOp, NoOp];1
[NoOp, Move(E), NoOp, NoOp, Pull(N,S), NoOp, NoOp, NoOp];0
[NoOp, Move(E), NoOp, NoOp, Pull(N,S), NoOp, NoOp, NoOp];0
[NoOp, Move(E), NoOp, NoOp, Pull(N,S), NoOp, NoOp, NoOp];0
[NoOp, Move(E), NoOp, NoOp, Pull(N,S), NoOp, NoOp, NoOp];1
[NoOp, Move(E), NoOp, NoOp, Pull(N,S), NoOp, NoOp, NoOp];0
[NoOp, Move(S), NoOp, NoOp, Pull(E,S), NoOp, NoOp, NoOp];0
[NoOp, Move(S), NoOp, NoOp, Pull(E,W), NoOp, NoOp, NoOp];0
[NoOp, Move(W), NoOp, NoOp, Pull(E,W), NoOp, NoOp, NoOp];1
[NoOp, Move(W), NoOp, NoOp, Pull(E,W), NoOp, NoOp, NoOp];0
[NoOp, Move(W), NoOp, NoOp, Pull(E,W), NoOp, NoOp, NoOp];1
[NoOp, Move(W), NoOp, NoOp, Pull(E,W), NoOp, NoOp, NoOp];0
[NoOp, Pull(E,W), NoOp, NoOp, Pull(E,W), NoOp, NoOp, NoOp];0
[NoOp, Pull(E,W), NoOp, NoOp, Pull(E,W), NoOp, NoOp, NoOp];0
[NoOp, Pull(E,W), NoOp, NoOp, Pull(E,W), NoOp, NoOp, NoOp];0
[NoOp, Pull(E,W), NoOp, NoOp, Pull(E,W), NoOp, NoOp, NoOp];1
[NoOp, Pull(N,W), NoOp, NoOp, Pull(N,W), NoOp, NoOp, NoOp];0
[NoOp, Pull(N,S), NoOp, NoOp, Pull(N,S), NoOp, NoOp, NoOp];0
[NoOp, Pull(W,S), NoOp, NoOp, Pull(N,S), NoOp, NoOp, NoOp];1
[NoOp, Pull(W,E), NoOp, NoOp, Pull(N,S), NoOp, NoOp, NoOp];0
[NoOp, Pull(W,E), NoOp, NoOp, Pull(N,S), NoOp, NoOp, NoOp];0
[NoOp, Pull(W,E), NoOp, NoOp, Pull(W,S), NoOp, NoOp, NoOp];1
[NoOp, Pull(W,E), NoOp, NoOp, Push(E,E), NoOp, NoOp, NoOp];0
[NoOp, Pull(W,E), NoOp, NoOp, Push(E,E), NoOp, NoOp, NoOp];0
[NoOp, Pull(W,E), NoOp, NoOp, Push(E,E), NoOp, NoOp, NoOp];1
[NoOp, Pull(W,E), NoOp, NoOp, Push(E,E), NoOp, NoOp, NoOp];0
[NoOp, Pull(W,E), NoOp, NoOp, Move(W), NoOp, NoOp, NoOp];0
[NoOp, Pull(W,E), NoOp, NoOp, Move(W), NoOp, NoOp, NoOp];1
[NoOp, Pull(W,E), NoOp, NoOp, Move(W), NoOp, NoOp, NoOp];0
[NoOp, Push(E,N), NoOp, NoOp, Move(S), NoOp, NoOp, NoOp];0
[NoOp, Push(N,N), NoOp, NoOp, Move(S), NoOp, NoOp, NoOp];1
[NoOp, Push(N,N), NoOp, NoOp, Move(S), NoOp, NoOp, NoOp];0
[NoOp, Push(N,N), NoOp, NoOp, Move(S), NoOp, NoOp, NoOp];0
[NoOp, Push(N,N), NoOp, NoOp, Move(S), NoOp, NoOp, NoOp];0
[NoOp, Push(N,W), NoOp, NoOp, Move(W), NoOp, NoOp, NoOp];1
[NoOp, Push(W,W), NoOp, NoOp, Move(W), NoOp, NoOp, NoOp];0
[NoOp, Push(W,W), NoOp, NoOp, Move(W), NoOp, NoOp, NoOp];0
[NoOp, Push(W,W), NoOp, NoOp, Move(W), NoOp, NoOp, NoOp];0
[NoOp, NoOp, NoOp, NoOp, Move(W), NoOp, NoOp, NoOp];1
[NoOp, NoOp, NoOp, NoOp, Move(W), NoOp, NoOp, NoOp];0
[NoOp, NoOp, NoOp, NoOp, Move(W), NoOp, NoOp, NoOp];0
[NoOp, NoOp, NoOp, NoOp, Move(W), NoOp, NoOp, NoOp];0
[NoOp, NoOp, NoOp, NoOp, Move(W), NoOp, NoOp, NoOp];1
[NoOp, NoOp, NoOp, NoOp, Move(W), NoOp, NoOp, NoOp];0
[NoOp, NoOp, NoOp, NoOp, Move(S), NoOp, NoOp, NoOp];0
[NoOp, NoOp, NoOp, NoOp, Move(S), NoOp, NoOp, NoOp];0
[NoOp, NoOp, NoOp, NoOp, Move(S), NoOp, NoOp, NoOp];1
[NoOp, NoOp, NoOp, NoOp, Move(S), NoOp, NoOp, NoOp];0
[NoOp, NoOp, NoOp, NoOp, Move(E), NoOp, NoOp, NoOp];0
[NoOp, NoOp, NoOp, NoOp, Move(E), NoOp, NoOp, NoOp];0
[NoOp, NoOp, NoOp, NoOp, Move(E), NoOp, NoOp, NoOp];1
[NoOp, NoOp, NoOp, NoOp, Pull(W,E), NoOp, NoOp, NoOp];0
[NoOp, NoOp, NoOp, NoOp, Pull(W,E), NoOp, NoOp, NoOp];0
[NoOp, NoOp, NoOp, NoOp, Pull(W,E), NoOp, NoOp, NoOp];0
[NoOp, NoOp, NoOp, NoOp, Pull(N,E), NoOp, NoOp, NoOp];1
[NoOp, Move(E), NoOp, NoOp, Pull(W,S), NoOp, NoOp, NoOp];0
[NoOp, Move(E), NoOp, NoOp, Push(E,N), NoOp, NoOp, NoOp];0
[NoOp, Move(E), NoOp, NoOp, Push(N,N), NoOp, NoOp, NoOp];0
[NoOp, Move(S), NoOp, NoOp, Push(N,N), NoOp, NoOp, NoOp];0
[NoOp, Move(S), NoOp, NoOp, Push(N,E), NoOp, NoOp, NoOp];0
[NoOp, Move(S), NoOp, NoOp, Push(E,E), NoOp, NoOp, NoOp];0
[NoOp, Move(S), NoOp, NoOp, Push(E,E), NoOp, NoOp, NoOp];1
[NoOp, Move(S), NoOp, NoOp, Push(E,E), NoOp, NoOp, NoOp];0
[NoOp, Move(W), NoOp, NoOp, Push(E,E), NoOp, NoOp, NoOp];0
[NoOp, Move(S), NoOp, NoOp, Push(E,E), NoOp, NoOp, NoOp];0
[NoOp, Move(S), NoOp, NoOp, Push(E,E), NoOp, NoOp, NoOp];0
[NoOp, Move(W), NoOp, NoOp, Push(E,E), NoOp, NoOp, NoOp];1
[NoOp, Move(W), NoOp, NoOp, Push(E,E), NoOp, NoOp, NoOp];0
[NoOp, NoOp, NoOp, NoOp, Push(E,E), NoOp, NoOp, NoOp];0
[NoOp, NoOp, NoOp, Move(W), Push(E,N), NoOp, NoOp, NoOp];0
[NoOp, NoOp, NoOp, Move(W), Push(N,N), NoOp, NoOp, NoOp];0
[NoOp, NoOp, NoOp, Move(W), Push(N,N), NoOp, NoOp, NoOp];1
[NoOp, NoOp, NoOp, Move(W), Push(N,N), NoOp, NoOp, NoOp];0
[NoOp, NoOp, Move(E), Move(W), Push(N,N), NoOp, NoOp, NoOp];0
[NoOp, NoOp, Move(N), Move(W), Push(N,E), NoOp, NoOp, NoOp];0
[NoOp, NoOp, Move(E), Move(W), Push(E,E), NoOp, NoOp, NoOp];0
[NoOp, NoOp, Move(N), Move(W), Push(E,E), NoOp, NoOp, NoOp];0
[NoOp, NoOp, Move(E), Move(W), Move(W), NoOp, NoOp, NoOp];0
[NoOp, NoOp, Move(E), Pull(E,W), Move(W), NoOp, NoOp, NoOp];0
[NoOp, NoOp, Move(N), Pull(E,W), Move(S), NoOp, NoOp, NoOp];1
[NoOp, NoOp, Move(N), Pull(E,W), Move(S), NoOp, NoOp, NoOp];0
[NoOp, NoOp, Move(E), Pull(E,W), Move(S), NoOp, NoOp, NoOp];0
[NoOp, NoOp, Move(E), Pull(E,W), Move(S), NoOp, NoOp, NoOp];0
[NoOp, NoOp, Move(E), Pull(N,W), Move(S), NoOp, NoOp, NoOp];1
[NoOp, NoOp, Move(E), Pull(N,S), Move(W), NoOp, NoOp, NoOp];0
[NoOp, NoOp, Move(E), Pull(W,S), NoOp, NoOp, NoOp, NoOp];0
[NoOp, NoOp, Move(E), NoOp, NoOp, NoOp, NoOp, NoOp];0
[NoOp, NoOp, Move(E), Pull(N,E), NoOp, NoOp, NoOp, NoOp];0
[NoOp, NoOp, Move(E), Pull(N,S), NoOp, NoOp, NoOp, NoOp];1
[NoOp, NoOp, Move(E), Pull(N,S), NoOp, NoOp, NoOp, NoOp];0
[NoOp, NoOp, Move(E), Pull(N,S), NoOp, NoOp, NoOp, NoOp];0
[NoOp, NoOp, Move(E), Pull(N,S), NoOp, NoOp, NoOp, NoOp];0
[NoOp, NoOp, Move(S), Pull(W,S), NoOp, NoOp, NoOp, NoOp];0
[NoOp, NoOp, Move(S), Push(E,E), NoOp, NoOp, NoOp, NoOp];0
[NoOp, NoOp, Move(W), Push(E,E), NoOp, NoOp, NoOp, NoOp];0
[NoOp, NoOp, Move(W), Move(W), NoOp, NoOp, NoOp, NoOp];0
[NoOp, NoOp, Move(W), Move(W), NoOp, NoOp, NoOp, NoOp];0
[NoOp, NoOp, Pull(E,W), NoOp, NoOp, NoOp, NoOp, NoOp];0
[NoOp, NoOp, Pull(E,W), NoOp, NoOp, NoOp, NoOp, NoOp];1
[NoOp, NoOp, Pull(E,W), NoOp, NoOp, NoOp, NoOp, NoOp];0
[NoOp, NoOp, Pull(S,W), NoOp, NoOp, NoOp, Move(W), NoOp];0
[NoOp, NoOp, Push(N,N), NoOp, NoOp, NoOp, Move(W), NoOp];0
[NoOp, NoOp, Push(N,N), NoOp, NoOp, NoOp, Move(W), NoOp];0
[NoOp, NoOp, Push(N,W), NoOp, NoOp, NoOp, Move(W), NoOp];1
[NoOp, NoOp, Push(W,W), NoOp, NoOp, NoOp, Move(W), NoOp];0
[NoOp, NoOp, Push(W,W), NoOp, NoOp, NoOp, Move(W), NoOp];0
[NoOp, NoOp, Push(W,W), NoOp, NoOp, NoOp, Move(W), NoOp];0
[NoOp, NoOp, Push(W,W), NoOp, NoOp, NoOp, Move(W), NoOp];0
[NoOp, NoOp, Push(W,W), NoOp, NoOp, NoOp, Pull(E,W), NoOp];1
[NoOp, NoOp, Push(W,W), NoOp, NoOp, NoOp, Pull(E,W), NoOp];0
[NoOp, NoOp, Push(W,W), NoOp, NoOp, NoOp, Pull(E,W), NoOp];0
[NoOp, NoOp, Push(W,W), NoOp, NoOp, NoOp, Pull(E,W), NoOp];0
[NoOp, NoOp, Push(W,W), NoOp, NoOp, NoOp, Pull(S,W), NoOp];0
[NoOp, NoOp, Push(W,W), NoOp, NoOp, NoOp, Push(N,N), NoOp];0
[NoOp, NoOp, Push(W,N), NoOp, NoOp, NoOp, Push(N,N), NoOp];0
[NoOp, NoOp, Push(N,N), NoOp, NoOp, NoOp, Push(N,N), NoOp];0
[NoOp, NoOp, Push(N,E), NoOp, NoOp, NoOp, Push(N,N), NoOp];1
[NoOp, NoOp, Push(E,N), NoOp, NoOp, NoOp, Push(N,W), NoOp];0
[NoOp, NoOp, Push(N,N), NoOp, NoOp, NoOp, Push(W,N), NoOp];0
[NoOp, NoOp, Push(N,N), NoOp, NoOp, NoOp, Push(N,N), NoOp];0
[NoOp, NoOp, Push(N,N), NoOp, NoOp, NoOp, Push(N,N), NoOp];0
[NoOp, NoOp, Push(N,N), NoOp, NoOp, NoOp, Push(N,N), NoOp];0
[NoOp, NoOp, Push(N,W), NoOp, NoOp, NoOp, Push(N,N), NoOp];0
[NoOp, NoOp, Push(W,W), NoOp, NoOp, NoOp, Push(N,E), NoOp];0
[NoOp, NoOp, Push(W,W), NoOp, NoOp, NoOp, NoOp, NoOp];0
[NoOp, NoOp, Move(E), NoOp, NoOp, NoOp, NoOp, NoOp];1
[NoOp, NoOp, Move(E), NoOp, NoOp, NoOp, NoOp, NoOp];0
[NoOp, NoOp, Move(S), NoOp, NoOp, NoOp, NoOp, NoOp];0
[NoOp, NoOp, Move(S), NoOp, NoOp, NoOp, NoOp, NoOp];0
[NoOp, NoOp, Move(S), NoOp, NoOp, NoOp, NoOp, NoOp];1
[NoOp, NoOp, Move(S), NoOp, NoOp, NoOp, NoOp, NoOp];0
[NoOp, NoOp, Move(S), NoOp, NoOp, NoOp, NoOp, NoOp];0
[NoOp, NoOp, Move(W), NoOp, NoOp, NoOp, NoOp, NoOp];0
[NoOp, NoOp, Move(S), NoOp, NoOp, NoOp, NoOp, NoOp];0
[NoOp, NoOp, Move(S), NoOp, NoOp, NoOp, NoOp, NoOp];0
[NoOp, NoOp, Move(S), NoOp, NoOp, NoOp, NoOp, NoOp];1
[NoOp, NoOp, Move(S), NoOp, NoOp, NoOp, NoOp, NoOp];0
[NoOp, NoOp, Move(S), NoOp, NoOp, NoOp, NoOp, NoOp];0
[NoOp, NoOp, Move(S), NoOp, NoOp, NoOp, NoOp, NoOp];0
[NoOp, NoOp, Move(E), NoOp, NoOp, NoOp, NoOp, NoOp];0
[NoOp, NoOp, Move(E), NoOp, NoOp, NoOp, NoOp, NoOp];0
[NoOp, NoOp, Move(E), NoOp, NoOp, NoOp, NoOp, NoOp];0
[NoOp, NoOp, Move(E), NoOp, NoOp, NoOp, NoOp, NoOp];1
[NoOp, NoOp, Move(E), NoOp, NoOp, NoOp, NoOp, NoOp];0
[NoOp, NoOp, Pull(W,E), NoOp, NoOp, NoOp, NoOp, NoOp];0
[NoOp, NoOp, Pull(W,E), NoOp, NoOp, NoOp, NoOp, NoOp];0
[NoOp, NoOp, Pull(W,E), NoOp, NoOp, NoOp, NoOp, NoOp];0
[NoOp, NoOp, Pull(W,E), NoOp, NoOp, NoOp, NoOp, NoOp];0
[NoOp, NoOp, Pull(W,E), NoOp, NoOp, NoOp, NoOp, NoOp];1
[NoOp, NoOp, Pull(N,E), NoOp, NoOp, NoOp, NoOp, NoOp];0
[NoOp, NoOp, Pull(N,S), NoOp, NoOp, NoOp, NoOp, NoOp];0
[NoOp, NoOp, Pull(E,S), NoOp, NoOp, NoOp, NoOp, NoOp];0
[NoOp, NoOp, Push(W,N), NoOp, NoOp, NoOp, NoOp, NoOp];0
[NoOp, NoOp, Push(N,N), NoOp, NoOp, NoOp, NoOp, NoOp];0
[NoOp, NoOp, Push(N,W), NoOp, NoOp, NoOp, NoOp, NoOp];0
[NoOp, NoOp, Pull(N,W), NoOp, NoOp, Move(E), NoOp, NoOp];1
[NoOp, NoOp, Pull(N,S), NoOp, NoOp, Move(E), NoOp, NoOp];0
[NoOp, NoOp, Pull(E,S), NoOp, NoOp, Move(S), NoOp, NoOp];0
[NoOp, NoOp, Pull(N,W), NoOp, NoOp, Move(E), NoOp, NoOp];0
[NoOp, NoOp, Pull(N,S), NoOp, NoOp, Move(E), NoOp, NoOp];0
[NoOp, NoOp, Pull(N,S), NoOp, NoOp, Move(E), NoOp, NoOp];0
[NoOp, NoOp, Pull(N,S), NoOp, NoOp, Move(E), NoOp, NoOp];1
[NoOp, NoOp, Pull(N,S), NoOp, NoOp, Move(E), NoOp, NoOp];0
[NoOp, NoOp, Pull(E,S), NoOp, NoOp, Move(E), NoOp, NoOp];0
[NoOp, NoOp, Push(W,W), NoOp, NoOp, Pull(W,E), NoOp, NoOp];0
[NoOp, NoOp, Push(W,W), NoOp, NoOp, Pull(W,E), NoOp, NoOp];0
[NoOp, NoOp, Move(E), NoOp, NoOp, Pull(W,E), NoOp, NoOp];0
[NoOp, NoOp, Move(S), NoOp, NoOp, Pull(W,E), NoOp, NoOp];0
[NoOp, NoOp, Move(S), NoOp, NoOp, Pull(N,E), NoOp, NoOp];0
[NoOp, NoOp, Move(S), NoOp, NoOp, Pull(W,S), NoOp, NoOp];0
[NoOp, NoOp, Move(S), NoOp, NoOp, Push(E,N), NoOp, NoOp];0
[NoOp, NoOp, Move(S), NoOp, NoOp, Push(N,N), NoOp, NoOp];0
[NoOp, NoOp, Move(E), NoOp, NoOp, Push(N,N), NoOp, NoOp];0
[NoOp, NoOp, NoOp, NoOp, NoOp, Push(N,E), NoOp, NoOp];0
[NoOp, NoOp, NoOp, NoOp, NoOp, Push(E,N), NoOp, NoOp];0
[NoOp, NoOp, NoOp, NoOp, NoOp, Push(N,N), NoOp, NoOp];0
[NoOp, NoOp, NoOp, NoOp, NoOp, Push(N,N), NoOp, NoOp];0
[NoOp, NoOp, NoOp, NoOp, NoOp, Push(N,N), NoOp, NoOp];0
[NoOp, NoOp, NoOp, NoOp, NoOp, Push(N,N), NoOp, NoOp];0
[NoOp, NoOp, NoOp, NoOp, NoOp, Push(N,W), NoOp, NoOp];0
137393f54979de3b32f36fb66014596453906979
successful
475
215
751e42758e4fcb9a9366e728be60865a80828380
1496095682327
