red: 0,A
cyan: 1,C
yellow: 2,B
blue: 3,D
magenta: 4,M
orange: 5,I
pink: 6,N
green: 7,J
+++++++++++++++++
+ +1+ +3+ +5+n+7+
+ + + + + + + + +
+ + + + + + + + +++
+0AC B D M I N J a+
+ + + + + + + + +++
+ + + + + + + + +
+ + +2+ +4+ +6+c+
+++++++++++++++++

[NoOp, Move(S), Move(N), Move(S), Move(N), Move(S), Move(N), Move(S)];301
[NoOp, Move(S), Move(N), Move(S), Move(N), Move(S), Move(N), Move(S)];0
[NoOp, Pull(N,S), Pull(S,N), Pull(N,S), Pull(S,N), Pull(N,S), Pull(S,N), Pull(N,S)];1
[NoOp, Push(S,S), NoOp, NoOp, NoOp, NoOp, Push(N,N), NoOp];0
[NoOp, Push(S,E), NoOp, NoOp, NoOp, NoOp, Push(N,N), NoOp];1
[NoOp, Push(E,E), NoOp, NoOp, NoOp, NoOp, Push(N,N), NoOp];0
[Push(E,E), Push(E,E), NoOp, NoOp, NoOp, NoOp, Push(N,N), NoOp];0
[Push(E,E), Push(E,E), NoOp, NoOp, NoOp, NoOp, NoOp, NoOp];0
[Push(E,E), Push(E,E), NoOp, NoOp, NoOp, NoOp, NoOp, NoOp];1
[Push(E,E), Push(E,E), NoOp, NoOp, NoOp, NoOp, NoOp, NoOp];0
[Push(E,E), Push(E,E), NoOp, NoOp, NoOp, NoOp, NoOp, NoOp];0
[Push(E,E), Push(E,E), NoOp, NoOp, NoOp, NoOp, NoOp, NoOp];0
[Push(E,E), Push(E,E), NoOp, NoOp, NoOp, NoOp, NoOp, NoOp];0
[Push(E,E), Push(E,E), NoOp, NoOp, NoOp, NoOp, NoOp, NoOp];0
[Push(E,E), Push(E,E), NoOp, NoOp, NoOp, NoOp, NoOp, NoOp];1
[Push(E,E), Push(E,E), NoOp, NoOp, NoOp, NoOp, NoOp, NoOp];0
[Push(E,E), Push(E,S), NoOp, NoOp, NoOp, NoOp, NoOp, NoOp];0
[Push(E,E), Push(S,S), NoOp, NoOp, NoOp, NoOp, NoOp, NoOp];1
[Push(E,E), Push(S,S), NoOp, NoOp, NoOp, NoOp, NoOp, NoOp];0
[Push(E,E), NoOp, NoOp, NoOp, NoOp, NoOp, NoOp, NoOp];0
[Push(E,E), NoOp, NoOp, NoOp, NoOp, NoOp, NoOp, NoOp];0
7c1f45a0600593fa6854169a8f8842953b0f2b53
successful
306
21
cb158bd77f9ce0ecfc6ac0aa2f9c52bb3b190462
1496095682840
