blue: 0,A,E,H,K,N,Q
red: 1,B,F,I,L,O,R
green: 2,C,G,J,M,P,S
+++++++++++++++++++++++++++++
+BAC     +ONP            GEF+
++++     ++++            ++++
+LKM     0  1  2         JHI+
++++                     ++++
+                           ++++++++++
+                            s  r  q +
+S+                         ++++++++++
+Q+                         +
+R+                         +
++++++ +++ +++++++ +++ +++ ++
     + + + +     + + + + + +
     +p+ +m+     +j+ +g+ +c+
     + + + +     + + + + + +
     +o+ +l+     +i+ +f+ +b+
     + + + +     + + + + + +
     +n+ +k+     +h+ +e+ +a+
     + + + +     + + + + + +
     +++ +++     +++ +++ +++

[Move(E), Move(S), Move(E)];6833
[Move(E), NoOp, Move(E)];0
[Move(E), NoOp, Move(E)];0
[Move(E), NoOp, Move(E)];0
[Move(E), NoOp, Move(E)];0
[Move(E), NoOp, Move(E)];0
[Move(E), NoOp, Move(E)];0
[Move(E), Move(N), Move(E)];0
[Move(E), Move(E), Move(E)];1
[Move(E), Move(E), Pull(N,E)];0
[Move(E), Move(E), Pull(W,S)];0
[Move(E), Move(E), Move(N)];0
[Move(E), Move(E), Move(E)];1
[Move(E), Move(E), Pull(W,E)];0
[Move(E), Move(E), Pull(W,E)];0
[Move(E), Move(E), NoOp];1
[Pull(W,E), Move(E), NoOp];0
[Pull(S,E), Move(E), NoOp];0
[Pull(W,N), Move(E), NoOp];0
[Push(E,S), Move(E), NoOp];0
[Push(S,S), Move(E), NoOp];1
[Push(S,W), Move(E), NoOp];0
[Push(W,W), NoOp, NoOp];0
[Push(W,W), NoOp, NoOp];1
[Push(W,S), NoOp, NoOp];0
[Push(S,W), NoOp, NoOp];0
[Push(W,S), NoOp, NoOp];0
[Push(S,S), NoOp, NoOp];1
[Push(S,W), NoOp, NoOp];0
[Push(W,W), NoOp, NoOp];0
[Push(W,S), NoOp, NoOp];0
[Push(S,S), NoOp, NoOp];1
[Push(S,S), NoOp, NoOp];0
[Push(S,S), NoOp, NoOp];0
[Push(S,S), NoOp, NoOp];0
[Push(S,S), NoOp, NoOp];1
[Push(S,S), NoOp, NoOp];0
[Move(N), NoOp, NoOp];0
[Move(N), NoOp, NoOp];0
[Move(N), NoOp, NoOp];0
[Move(N), NoOp, NoOp];1
[Move(N), NoOp, NoOp];0
[Move(N), Pull(W,E), NoOp];0
[Move(E), Pull(W,E), Move(S)];0
[Move(N), Pull(S,E), Move(E)];0
[Move(E), Push(N,W), NoOp];1
[Move(N), Push(W,W), NoOp];0
[Move(E), Push(W,W), Push(E,S)];0
[Move(N), Push(W,S), Push(S,S)];0
[Move(E), Push(S,W), Move(E)];1
[Move(E), Push(W,S), Move(E)];0
[Move(N), Push(S,W), NoOp];0
[Move(N), Push(W,W), NoOp];0
[Move(N), Push(W,S), NoOp];0
[Move(E), Push(S,S), NoOp];1
[Move(N), Push(S,S), NoOp];0
[Move(N), Push(S,S), NoOp];0
[Move(E), Push(S,S), NoOp];0
[Pull(W,E), Push(S,S), NoOp];0
[Pull(S,E), Push(S,S), NoOp];1
[Pull(W,N), Push(S,S), NoOp];0
[Pull(W,E), Push(S,S), NoOp];0
[Pull(S,E), Pull(N,S), NoOp];0
[Pull(W,N), Pull(N,S), NoOp];0
[Push(E,S), Pull(N,S), NoOp];0
[Push(S,S), Pull(N,S), NoOp];0
[Push(S,S), Pull(N,S), NoOp];0
[Push(S,S), Pull(W,S), NoOp];0
[Push(S,S), Push(E,S), Move(W)];1
[Push(S,S), Push(S,S), Move(W)];0
[Push(S,S), Push(S,S), Push(S,W)];0
[Push(S,S), Push(S,S), Push(W,S)];0
[Push(S,S), Push(S,S), Push(S,S)];1
[Push(S,S), Push(S,S), Push(S,W)];0
[Push(S,S), Pull(N,S), Push(W,S)];0
[Push(S,S), Pull(N,S), Push(S,S)];0
[Push(S,S), Pull(N,S), Push(S,S)];0
[NoOp, Pull(N,S), Push(S,W)];1
[NoOp, Pull(W,S), Push(W,W)];0
[NoOp, Pull(W,E), Push(W,W)];0
[NoOp, Push(E,E), Push(W,W)];0
1e1371aee37419ef435f269df490828db40b872c
unsuccessful
6849
81
52f190b1192ad6144a586f9d4bcd9e7e7badb3a6
1496095683168
