+++++++++++
+AIO     0+
+LIM      +
+ASH      +
+         +
+BBBB BBBB+
+BBBB BBBB+
+++++ +++++
++aaaaaaa++
+++abbbb+++
++++bbb++++
+++++b+++++
+++++ +++++
+         +
+AAAA AAAA+
+AAAA AAAA+
+++++ +++++
++aaaaaaa++
+++abbbb+++
++++bbb++++
+++++b+++++
+++++ +++++
+         +
+AAAA AAAA+
+AAAA AAAA+
+++++ +++++
++aaaaaaa++
+++abbbb+++
++++bbb++++
+++++b+++++
+++++ +++++
+         +
+BBBB BBBB+
+BBBB BBBB+
+++++ +++++
++aaaaaaa++
+++abbbb+++
++++bbb++++
+++++b+++++
+++++ +++++
+aiolimash+
+++++++++++

cbb0d7f66f94775b6185a6692b47fdca24a5cb1e
unsuccessful
0
0
ae695d36a97c2f078af1565dcbf1c3b74751991e
1496095990195
