red:0,A
++++++++++++++++++++++++++++++++++++++++++++++++
+0A                                           a+
+ A                                           a+
+ A                                           a+
+ A                                           a+
+ A                                           a+
+ A                                           a+
+ A                                           a+
+ A                                           a+
+ A                                           a+
+ A                                           a+
+ A                                           a+
+ A                                           a+
+ A                                           a+
+ A                                           a+
+ A                                           a+
+ A                                           a+
+ A                                           a+
+ A                                           a+
+ A                                           a+
+ A                                           a+
+ A                                           a+
+ A                                           a+
+ A                                           a+
+ A                                           a+
+ A                                           a+
+ A                                           a+
+ A                                           a+
+ A                                           a+
+ A                                           a+
+ A                                           a+
+ A                                           a+
+ A                                           a+
+ A                                           a+
+ A                                           a+
+ A                                           a+
+ A                                           a+
+ A                                           a+
+ A                                           a+
+ A                                           a+
+ A                                           a+
+ A                                           a+
+ A                                           a+
+ A                                           a+
+ A                                           a+
+ A                                           a+
+ A                                           a+
++++++++++++++++++++++++++++++++++++++++++++++++

48f27850246f9c22520f42c9c3d3d35a71667807
unsuccessful
0
0
c4629bf2d550e86dcac83f84c6af913a6a831659
1496097866967
