++++++            ++++++
++    ++          ++    ++
+      ++++++++++++      +
+  BD  ad        bc  AC  +
+      ++++     +++      +
++    ++  ++   ++ ++    ++
 ++++++    +   +   ++++++
           ++0++
 ++++++    +   +   ++++++
++    ++  ++   ++ ++    ++
+      ++++     +++      +
+  BD  cd        ba  AC  +
+      ++++++++++++      +
++    ++          ++    ++
 ++++++            ++++++

[Move(N)];34187
[Move(N)];0
[Move(N)];0
[Move(E)];0
[Move(N)];0
[Move(E)];0
[Move(E)];0
[Move(E)];1
[Move(E)];0
[Move(E)];0
[Move(E)];0
[Pull(S,E)];0
[Push(N,W)];0
[Push(W,W)];0
[Push(W,W)];0
[Push(W,W)];0
[Push(W,W)];0
[Push(W,W)];0
[Push(W,W)];0
[Push(W,W)];0
[Push(W,W)];0
[Push(W,W)];0
[Push(W,W)];0
[Push(W,W)];0
[Push(W,W)];0
[Move(E)];0
[Move(E)];0
[Move(E)];0
[Move(S)];0
[Move(E)];0
[Move(S)];0
[Move(S)];0
[Move(E)];0
[Move(S)];0
[Move(S)];0
[Move(W)];0
[Move(S)];0
[Move(S)];0
[Move(W)];0
[Move(S)];0
[Move(W)];0
[Move(W)];0
[Move(W)];0
[Move(W)];0
[Move(W)];0
[Move(W)];0
[Pull(E,W)];0
[Pull(E,W)];0
[Pull(E,W)];0
[Pull(E,W)];0
[Move(E)];0
[Move(E)];0
[Move(N)];0
[Move(E)];0
[Move(N)];0
[Move(N)];0
[Move(E)];0
[Move(N)];0
[Move(N)];0
[Move(N)];0
[Move(N)];0
[Move(N)];0
[Move(E)];0
[Move(E)];0
[Move(E)];0
[Move(E)];0
[Move(E)];0
[Move(E)];0
[Move(E)];0
[Move(E)];0
[Pull(W,E)];0
[Pull(W,E)];0
[Pull(W,E)];0
[Pull(W,E)];0
[Move(W)];0
[Move(W)];0
[Move(W)];0
[Move(W)];0
[Move(W)];0
[Move(W)];0
[Move(W)];0
[Move(W)];0
[Move(W)];0
[Push(W,W)];0
[Push(W,N)];0
[Move(W)];0
[Pull(S,W)];0
[Push(N,E)];0
[Push(E,E)];0
[Push(E,E)];0
[Move(W)];0
[Pull(W,N)];0
[Push(E,E)];0
[Pull(S,E)];0
[Push(N,W)];0
[Move(E)];0
[Pull(W,E)];0
[Pull(S,E)];0
[Push(N,N)];0
[Pull(E,W)];0
[Pull(E,W)];0
[Move(E)];0
[Move(E)];0
[Move(E)];0
[Move(S)];0
[Move(E)];0
[Move(S)];0
[Move(S)];0
[Move(E)];0
[Move(S)];0
[Move(S)];0
[Move(S)];0
[Move(W)];0
[Move(S)];0
[Move(S)];0
[Move(E)];0
[Move(E)];0
[Move(E)];0
[Move(E)];0
[Move(E)];0
[Move(E)];0
[Move(E)];0
[Move(E)];0
[Pull(W,E)];0
[Pull(W,E)];0
[Pull(W,E)];0
[Move(W)];0
[Move(W)];0
[Move(W)];0
[Move(W)];0
[Move(W)];0
[Move(W)];0
[Move(W)];0
[Move(W)];0
[Push(W,W)];0
[Push(W,W)];0
[Push(W,S)];0
[Move(W)];0
[Move(W)];0
[Pull(E,W)];0
[Pull(S,W)];0
[Push(E,N)];0
[Push(N,N)];0
[Pull(E,W)];0
[Pull(E,W)];0
[Pull(E,W)];0
[Pull(E,W)];0
[Pull(E,W)];0
[Pull(E,W)];0
[Pull(E,W)];0
[Pull(E,W)];0
[Pull(E,W)];0
[Pull(N,W)];0
[Push(S,E)];0
[Push(E,E)];0
[Move(W)];0
[Move(W)];0
[Move(W)];0
[Move(N)];0
[Move(W)];0
[Move(W)];0
[Move(S)];0
[Move(W)];0
[Move(W)];0
[Move(W)];0
[Move(W)];0
[Move(W)];0
[Pull(E,N)];0
[Pull(E,W)];0
[Pull(E,W)];0
[Move(E)];0
[Move(E)];0
[Move(N)];0
[Move(E)];0
[Move(N)];0
[Move(N)];0
[Move(E)];0
[Move(N)];0
[Move(N)];0
[Move(W)];0
[Move(N)];0
[Move(N)];0
[Move(W)];0
[Move(N)];0
[Move(W)];0
[Move(W)];0
[Move(W)];0
[Push(W,W)];0
[Push(W,S)];0
[Pull(E,N)];0
[Pull(E,W)];0
[Pull(E,W)];0
[Push(W,W)];0
[Push(W,W)];0
[Push(W,N)];0
[Pull(E,S)];0
[Pull(E,W)];0
[Push(W,W)];0
[Push(W,W)];0
[Pull(E,N)];0
[Pull(E,W)];0
[Pull(E,W)];0
[Push(W,W)];0
[Push(W,W)];0
[Push(W,N)];0
[Pull(E,W)];0
[Pull(E,W)];0
[Push(W,W)];0
[Push(W,W)];0
[Pull(E,N)];0
[Pull(E,W)];0
[Pull(E,W)];0
[Push(W,W)];0
[Push(W,W)];0
[Push(W,S)];0
[Pull(E,W)];0
[Pull(E,W)];0
[Push(W,W)];0
[Push(W,N)];0
[Pull(E,S)];0
[Pull(E,W)];0
[Pull(E,W)];0
[Push(W,W)];0
[Push(W,W)];0
[Push(W,W)];0
[Pull(E,N)];0
[Pull(E,W)];0
[Push(W,W)];0
[Push(W,S)];0
[Pull(E,W)];0
[Pull(E,W)];0
[Pull(E,W)];0
[Push(W,W)];0
[Push(W,W)];0
[Push(W,N)];0
[Pull(E,S)];0
[Pull(E,W)];0
[Push(W,W)];0
[Push(W,S)];0
[Pull(E,N)];0
[Pull(E,W)];0
[Pull(E,W)];0
[Push(W,W)];0
[Push(W,W)];0
[Push(W,N)];0
[Pull(E,S)];0
[Pull(E,W)];0
[Push(W,W)];0
[Push(W,W)];0
[Pull(E,N)];0
[Pull(E,W)];0
[Pull(E,W)];0
[Push(W,W)];0
[Push(W,W)];0
[Push(W,N)];0
[Pull(E,W)];0
[Pull(E,W)];0
[Push(W,W)];0
[Push(W,S)];0
[Pull(E,N)];0
[Pull(E,W)];0
[Pull(E,W)];0
[Push(W,W)];0
[Push(W,W)];0
[Push(W,N)];0
[Pull(E,S)];0
[Pull(E,W)];0
[Push(W,W)];0
[Push(W,S)];0
[Pull(E,N)];0
[Pull(E,W)];0
[Pull(E,W)];0
[Push(W,W)];0
[Push(W,W)];0
[Push(W,W)];0
[Pull(E,S)];0
[Pull(E,W)];0
[Push(W,W)];0
[Push(W,S)];0
[Pull(E,W)];0
[Pull(E,W)];0
[Pull(E,W)];0
[Push(W,W)];0
[Push(W,W)];0
[Push(W,N)];0
[Pull(E,S)];0
[Pull(E,W)];0
[Push(W,W)];0
[Push(W,S)];16
[Pull(E,N)];0
[Pull(E,W)];0
[Pull(E,W)];0
[Push(W,W)];0
[Push(W,W)];0
[Push(W,N)];0
[Pull(E,S)];0
[Pull(E,W)];0
[Push(W,W)];0
[Push(W,W)];0
[Pull(E,N)];0
[Pull(E,W)];0
[Pull(E,W)];0
[Push(W,W)];0
[Push(W,W)];0
[Push(W,S)];0
[Pull(N,W)];0
[Push(S,E)];0
[Pull(N,E)];0
[Push(S,W)];0
[Pull(E,S)];0
[Pull(E,W)];0
[Pull(E,W)];0
[Push(W,W)];0
[Push(W,W)];0
[Push(W,S)];0
[Pull(N,W)];0
[Push(S,E)];0
[Pull(W,E)];0
[Push(E,N)];0
[Pull(E,S)];0
[Pull(E,W)];0
[Pull(E,W)];0
[Push(W,W)];0
[Push(W,W)];0
[Push(W,S)];0
[Pull(E,N)];0
[Pull(E,W)];0
[Push(W,W)];0
[Push(W,W)];0
[Pull(E,S)];0
[Pull(E,W)];0
[Pull(E,W)];0
[Push(W,W)];0
[Push(W,W)];0
[Push(W,S)];0
[Pull(N,W)];0
[Push(S,E)];0
[Pull(N,E)];0
[Push(S,W)];0
[Pull(E,S)];0
[Pull(E,W)];0
[Pull(E,W)];0
[Push(W,W)];0
[Push(W,W)];0
[Push(W,S)];0
[Pull(E,W)];0
[Pull(E,W)];0
[Push(W,W)];0
[Push(W,W)];0
[Pull(E,S)];0
[Pull(E,W)];0
[Pull(E,W)];0
[Push(W,W)];0
[Push(W,W)];0
[Push(W,N)];0
[Pull(E,W)];0
[Pull(E,W)];0
[Push(W,W)];0
[Push(W,S)];0
[Pull(E,N)];0
[Pull(E,W)];0
[Pull(E,W)];0
[Push(W,W)];0
[Push(W,W)];0
[Push(W,W)];0
[Pull(N,S)];0
[Push(S,E)];0
[Pull(N,E)];0
[Pull(W,S)];0
[Push(S,E)];0
[Push(E,E)];0
[Push(E,E)];0
[Move(W)];0
[Pull(W,N)];0
[Push(E,E)];0
[Move(W)];0
[Move(W)];0
[Pull(E,W)];0
[Pull(E,W)];0
[Pull(S,E)];0
[Push(N,N)];0
[Pull(E,N)];0
[Push(E,E)];0
[Push(E,E)];0
[Push(E,E)];0
[Push(E,S)];0
[Move(E)];0
[Move(S)];0
[Pull(E,W)];0
[Pull(S,W)];0
[Pull(S,N)];0
[Pull(S,N)];0
[Pull(S,N)];0
[Pull(E,N)];0
[Pull(S,W)];0
[Pull(S,N)];0
[Pull(S,N)];0
[Pull(E,N)];0
[Push(W,W)];0
[Push(W,W)];0
[Push(W,W)];0
[Push(W,W)];0
[Push(W,W)];0
[Move(E)];0
[Move(E)];0
[Move(E)];0
[Move(N)];0
[Move(N)];0
[Move(N)];0
[Move(N)];0
[Move(N)];0
[Move(W)];0
[Move(N)];0
[Move(N)];0
[Move(W)];0
[Move(N)];0
[Move(W)];0
[Move(W)];0
[Move(W)];0
[Move(W)];0
[Pull(E,W)];0
[Move(E)];0
[Move(E)];0
[Move(E)];0
[Move(S)];0
[Move(E)];0
[Move(S)];0
[Move(E)];0
[Move(S)];0
[Move(S)];0
[Move(S)];0
[Move(S)];0
[Move(S)];0
[Move(S)];0
[Move(W)];0
[Move(W)];0
[Move(W)];0
[Pull(E,W)];0
[Pull(E,W)];15
[Pull(E,W)];0
[Pull(E,W)];0
[Push(W,N)];0
[Push(N,N)];0
[Push(N,N)];0
[Push(N,N)];0
[Push(N,N)];0
[Push(N,N)];0
[Push(N,W)];0
[Push(W,N)];0
[Push(N,W)];0
[Push(W,N)];1
[Push(N,W)];0
[Push(W,W)];0
[Push(W,W)];0
[Move(E)];0
[Move(E)];0
[Move(S)];0
[Move(E)];0
[Move(E)];0
[Move(S)];1
[Move(S)];0
[Move(S)];0
[Move(S)];0
[Move(E)];0
[Move(S)];0
[Move(S)];0
[Move(S)];0
[Move(E)];0
[Move(E)];0
[Pull(W,E)];0
[Pull(W,E)];1
[Push(E,N)];0
[Push(N,W)];0
[Push(W,N)];0
[Push(N,N)];0
[Push(N,W)];0
[Push(W,N)];0
[Push(N,N)];0
[Push(N,E)];0
[Push(E,N)];0
[Push(N,N)];0
[Push(N,E)];0
[Push(E,N)];0
[Push(N,E)];0
[Push(E,E)];0
[Move(W)];0
[Move(S)];0
[Move(W)];0
[Move(S)];1
[Move(S)];0
[Move(W)];0
[Move(S)];0
[Move(S)];0
[Move(E)];0
[Move(S)];0
[Move(S)];0
[Move(E)];0
[Move(S)];0
[Move(E)];1
[Move(E)];0
[Push(E,E)];0
[Push(E,S)];0
[Move(E)];0
[Move(E)];0
[Pull(W,E)];0
[Move(W)];0
[Move(W)];0
[Move(W)];0
[Move(W)];0
[Move(W)];0
[Move(W)];0
[Move(W)];0
[Move(W)];0
[Move(W)];0
[Move(W)];0
[Move(W)];0
[Pull(E,W)];0
[Pull(E,W)];0
[Pull(E,W)];0
[Pull(E,W)];0
[Pull(E,W)];0
[Pull(E,W)];0
[Pull(N,W)];0
[Push(S,E)];0
[Push(E,E)];0
[Push(E,E)];0
[Push(E,E)];0
[Push(E,E)];0
[Pull(N,S)];0
[Push(S,W)];0
[Push(E,N)];0
[Pull(W,E)];0
[Pull(S,W)];0
[Push(N,N)];0
[Pull(W,E)];0
[Pull(W,E)];0
[Pull(W,E)];0
[Pull(W,E)];0
[Pull(N,E)];0
[Push(S,W)];0
[Push(W,W)];0
[Push(W,W)];0
[Push(W,W)];0
[Push(W,W)];0
[Push(W,W)];0
[Push(W,W)];0
[Push(W,W)];0
[Move(E)];0
[Move(E)];0
[Move(E)];0
[Move(E)];0
[Move(E)];0
[Move(N)];0
[Move(E)];0
[Move(N)];0
[Move(N)];0
[Move(W)];0
[Move(N)];0
[Move(N)];0
[Move(N)];0
[Move(N)];0
[Move(N)];0
[Move(E)];0
[Move(E)];0
[Move(E)];0
[Pull(W,E)];0
[Pull(S,E)];0
[Pull(W,N)];0
[Pull(S,E)];0
[Pull(S,N)];0
[Pull(W,N)];0
[Pull(S,E)];0
[Pull(S,N)];0
[Pull(W,N)];0
[Push(E,E)];0
[Push(E,S)];0
[Push(S,S)];0
[Push(S,S)];0
[Push(S,E)];0
[Push(E,E)];0
[Push(E,E)];0
[Push(E,E)];0
[Push(E,E)];0
[Push(E,E)];0
[Pull(W,N)];0
[Pull(W,E)];0
[Push(E,E)];0
[Push(E,S)];0
[Pull(W,E)];0
[Pull(W,E)];0
[Pull(W,E)];0
[Push(E,E)];0
[Push(E,E)];0
[Push(E,N)];0
[Pull(W,S)];0
[Pull(W,E)];0
[Push(E,E)];0
[Push(E,E)];0
[Pull(W,N)];0
[Pull(W,E)];0
[Pull(W,E)];0
[Push(E,E)];0
[Push(E,E)];0
[Push(E,N)];0
[Pull(W,E)];0
[Pull(W,E)];0
[Push(E,E)];0
[Push(E,E)];0
[Pull(W,N)];0
[Pull(W,E)];0
[Pull(W,E)];0
[Push(E,E)];0
[Push(E,E)];0
[Push(E,S)];0
[Pull(W,E)];0
[Pull(W,E)];0
[Push(E,E)];0
[Push(E,N)];0
[Pull(W,S)];0
[Pull(W,E)];0
[Pull(W,E)];0
[Push(E,E)];0
[Push(E,E)];0
[Push(E,S)];0
[Pull(W,N)];0
[Pull(W,E)];0
[Push(E,E)];0
[Push(E,N)];0
[Pull(W,S)];0
[Pull(W,E)];0
[Pull(W,E)];0
[Push(E,E)];0
[Push(E,E)];0
[Push(E,S)];0
[Pull(W,N)];0
[Pull(W,E)];15
[Push(E,E)];0
[Push(E,N)];0
[Pull(W,S)];0
[Pull(W,E)];0
[Pull(W,E)];0
[Push(E,E)];0
[Push(E,E)];0
[Push(E,E)];0
[Pull(W,N)];0
[Pull(W,E)];0
[Push(E,E)];0
[Push(E,S)];0
[Pull(W,E)];0
[Pull(W,E)];0
[Pull(W,E)];0
[Push(E,E)];0
[Push(E,E)];0
[Push(E,E)];0
[Pull(W,S)];0
[Pull(W,E)];0
[Push(E,E)];0
[Push(E,S)];0
[Pull(W,E)];0
[Pull(W,E)];0
[Pull(W,E)];0
[Push(E,E)];0
[Push(E,E)];0
[Push(E,E)];0
[Pull(W,S)];0
[Pull(W,E)];0
[Push(E,E)];0
[Push(E,N)];0
[Pull(W,E)];0
[Pull(W,E)];0
[Pull(W,E)];0
[Push(E,E)];0
[Push(E,E)];0
[Push(E,S)];0
[Pull(W,N)];0
[Pull(W,E)];0
[Push(E,E)];0
[Push(E,N)];0
[Pull(W,S)];0
[Pull(W,E)];0
[Pull(W,E)];0
[Push(E,E)];0
[Push(E,E)];0
[Push(E,E)];0
[Pull(W,N)];0
[Pull(W,E)];0
[Push(E,E)];0
[Push(E,S)];0
[Pull(W,E)];0
[Pull(W,E)];0
[Pull(W,E)];0
[Push(E,E)];0
[Push(E,E)];0
[Push(E,N)];0
[Pull(W,S)];0
[Pull(W,E)];0
[Push(E,E)];0
[Push(E,S)];0
[Pull(W,N)];0
[Pull(W,E)];0
[Pull(W,E)];0
[Push(E,E)];0
[Push(E,E)];0
[Push(E,N)];0
[Pull(W,S)];0
[Pull(W,E)];0
[Push(E,E)];0
[Push(E,S)];0
[Pull(W,N)];0
[Pull(W,E)];0
[Pull(W,E)];0
[Push(E,E)];0
[Push(E,E)];0
[Push(E,E)];0
[Pull(W,S)];0
[Pull(W,E)];0
[Push(E,E)];0
[Push(E,S)];0
[Pull(W,E)];0
[Pull(W,E)];0
[Pull(W,E)];0
[Push(E,E)];0
[Push(E,E)];0
[Push(E,N)];0
[Pull(W,S)];0
[Pull(W,E)];0
[Push(E,E)];0
[Push(E,S)];0
[Pull(W,N)];0
[Pull(W,E)];0
[Pull(W,E)];0
[Push(E,E)];0
[Push(E,E)];0
[Push(E,E)];0
[Pull(W,S)];0
[Pull(W,E)];0
[Push(E,E)];0
[Push(E,N)];0
[Pull(W,E)];0
[Pull(W,E)];0
[Pull(W,E)];0
[Push(E,E)];0
[Push(E,E)];0
[Push(E,E)];0
[Pull(S,N)];0
[Push(N,W)];0
[Pull(N,W)];0
[Push(S,S)];0
[Pull(W,E)];0
[Pull(W,E)];0
[Pull(W,E)];0
[Push(E,E)];0
[Push(E,E)];0
[Push(E,N)];0
[Pull(W,S)];0
[Pull(W,E)];0
[Push(E,E)];0
[Push(E,S)];0
[Pull(W,N)];0
[Pull(W,E)];0
[Pull(W,E)];0
[Push(E,E)];0
[Push(E,E)];0
[Push(E,E)];0
[Pull(W,S)];0
[Pull(W,E)];0
[Push(E,E)];0
[Push(E,N)];0
[Pull(W,E)];0
[Pull(W,E)];0
[Pull(W,E)];0
[Push(E,E)];0
[Push(E,E)];0
[Push(E,S)];0
[Pull(W,N)];0
[Pull(W,E)];0
[Push(E,E)];0
[Push(E,E)];0
[Pull(W,S)];16
[Pull(W,E)];0
[Pull(W,E)];0
[Push(E,E)];0
[Push(E,E)];0
[Push(E,S)];0
[Pull(W,E)];0
[Pull(W,E)];0
[Push(E,E)];0
[Push(E,N)];0
[Pull(W,S)];0
[Pull(W,E)];0
[Pull(W,E)];0
[Push(E,E)];0
[Push(E,E)];0
[Push(E,S)];0
[Pull(W,N)];0
[Pull(W,E)];0
[Push(E,E)];0
[Push(E,N)];0
[Pull(W,S)];0
[Pull(W,E)];0
[Pull(W,E)];0
[Push(E,E)];0
[Push(E,E)];0
[Push(E,S)];0
[Pull(W,N)];0
[Pull(W,E)];0
[Push(E,E)];0
[Push(E,N)];0
[Pull(W,S)];0
[Pull(W,E)];0
[Pull(W,E)];0
[Push(E,E)];0
[Push(E,E)];0
[Push(E,E)];0
[Pull(W,N)];0
[Pull(W,E)];0
[Push(E,E)];0
[Push(E,N)];0
[Pull(W,E)];0
[Pull(W,E)];0
[Pull(W,E)];0
[Push(E,E)];0
[Push(E,E)];0
[Push(E,E)];0
[Pull(S,N)];0
[Push(N,W)];0
[Pull(S,W)];0
[Pull(E,N)];0
[Push(N,W)];0
[Push(W,W)];0
[Push(W,W)];0
[Move(E)];0
[Pull(N,S)];0
[Push(S,W)];0
[Move(N)];0
[Pull(S,E)];0
[Pull(E,W)];0
[Push(W,S)];0
[Move(W)];0
[Pull(E,W)];0
[Pull(E,W)];0
[Pull(S,W)];0
[Push(N,N)];0
[Pull(W,N)];0
[Pull(W,N)];0
[Pull(W,E)];0
[Pull(W,E)];0
[Pull(W,E)];0
[Pull(N,E)];0
[Push(S,W)];0
[Push(W,W)];0
[Push(W,W)];0
[Push(W,W)];0
[Push(W,W)];0
[Push(W,W)];0
[Push(W,W)];0
[Move(E)];0
[Move(E)];0
[Move(E)];0
[Move(E)];0
[Move(E)];0
[Move(E)];0
[Move(E)];0
[Move(E)];0
[Move(E)];0
[Move(E)];0
[Pull(W,E)];0
[Pull(W,E)];0
[Pull(W,E)];0
[Push(E,E)];0
[Push(E,E)];0
[Push(E,E)];0
[Pull(W,S)];0
[Pull(W,E)];0
[Push(E,E)];0
[Push(E,N)];0
[Pull(W,E)];0
[Pull(W,E)];0
[Pull(W,E)];0
[Push(E,E)];0
[Push(E,E)];0
[Push(E,S)];0
[Pull(W,N)];0
[Pull(W,E)];0
[Push(E,E)];0
[Push(E,N)];0
[Pull(W,S)];0
[Pull(W,E)];0
[Pull(W,E)];0
[Push(E,E)];0
[Push(E,E)];0
[Push(E,E)];0
[Pull(W,N)];0
[Pull(W,E)];0
[Push(E,E)];0
[Push(E,S)];0
[Pull(W,E)];0
[Pull(W,E)];0
[Pull(W,E)];0
[Push(E,E)];0
[Push(E,E)];0
[Push(E,N)];0
[Pull(W,S)];0
[Pull(W,E)];0
[Push(E,E)];0
[Push(E,S)];0
[Pull(W,N)];0
[Pull(W,E)];0
[Pull(W,E)];0
[Push(E,E)];0
[Push(E,E)];0
[Push(E,E)];0
[Pull(W,S)];0
[Pull(W,E)];0
[Push(E,E)];0
[Push(E,S)];0
[Pull(W,E)];0
[Pull(W,E)];0
[Pull(W,E)];0
[Push(E,E)];0
[Push(E,E)];0
[Push(E,E)];0
[Pull(W,S)];0
[Pull(W,E)];0
[Push(E,E)];0
[Push(E,N)];0
[Pull(W,E)];0
[Pull(W,E)];0
[Pull(W,E)];0
[Push(E,E)];0
[Push(E,E)];0
[Push(E,S)];0
[Pull(W,N)];0
[Pull(W,E)];0
[Push(E,E)];0
[Push(E,E)];0
[Pull(W,S)];0
[Pull(W,E)];0
[Pull(W,E)];0
[Push(E,E)];0
[Push(E,E)];0
[Push(E,S)];0
[Pull(W,E)];0
[Pull(W,E)];0
[Push(E,E)];0
[Push(E,E)];0
[Pull(W,S)];0
[Pull(W,E)];0
[Pull(W,E)];0
[Push(E,E)];0
[Push(E,E)];0
[Push(E,N)];0
[Pull(S,E)];0
[Push(N,W)];0
[Pull(E,W)];0
[Push(W,S)];0
[Pull(W,N)];0
[Pull(W,E)];0
[Pull(W,E)];0
[Push(E,E)];0
[Push(E,E)];0
[Push(E,N)];0
[Pull(W,S)];0
[Pull(W,E)];0
[Push(E,E)];0
[Push(E,E)];0
[Pull(W,N)];0
[Pull(W,E)];0
[Pull(W,E)];0
[Push(E,E)];0
[Push(E,E)];0
[Push(E,S)];0
[Pull(W,E)];0
[Pull(W,E)];0
[Push(E,E)];0
[Push(E,N)];0
[Pull(W,S)];0
[Pull(W,E)];0
[Pull(W,E)];0
[Push(E,E)];0
[Push(E,E)];0
[Push(E,E)];0
[Pull(S,N)];0
[Push(N,W)];0
[Pull(N,W)];0
[Pull(E,S)];0
[Push(S,W)];0
[Push(W,W)];0
[Push(W,W)];0
[Move(E)];0
[Pull(S,N)];0
[Push(N,W)];0
[Pull(N,W)];0
[Push(S,E)];0
[Move(W)];0
[Push(W,W)];0
[Push(W,W)];0
[Push(W,N)];0
[Move(W)];0
[Move(N)];0
[Pull(W,E)];0
[Pull(N,E)];0
[Pull(N,S)];0
[Pull(N,S)];0
[Pull(N,S)];0
[Pull(W,S)];0
[Pull(N,E)];0
[Pull(N,S)];0
[Pull(N,S)];0
[Pull(W,S)];0
[Push(E,E)];0
[Push(E,E)];0
[Push(E,E)];0
[Push(E,E)];0
[Push(E,E)];0
[Move(W)];0
[Move(W)];0
[Move(W)];0
[Move(S)];0
[Move(S)];0
[Move(S)];0
[Move(S)];0
[Move(S)];0
[Move(S)];0
[Move(S)];0
[Move(E)];0
[Move(S)];0
[Move(E)];0
[Move(E)];0
[Move(E)];0
[Move(E)];0
[Move(E)];0
[Pull(W,E)];0
[Pull(W,E)];0
[Move(W)];0
[Move(W)];0
[Move(W)];0
[Move(N)];0
[Move(W)];0
[Move(N)];0
[Move(N)];0
[Move(N)];0
[Move(N)];0
[Move(N)];0
[Move(W)];0
[Move(N)];0
[Move(N)];0
[Move(W)];0
[Move(W)];0
[Move(W)];0
[Pull(E,W)];0
[Pull(E,W)];0
[Pull(E,W)];0
[Push(W,S)];0
[Pull(W,S)];0
[Move(W)];0
[Move(W)];0
[Push(W,W)];0
[Push(W,N)];0
[Pull(E,N)];0
[Pull(E,W)];0
[Move(E)];0
[Move(E)];0
[Push(E,S)];0
[Pull(E,S)];0
[Push(W,W)];0
[Push(W,W)];0
[Push(W,W)];0
[Move(E)];0
[Move(E)];0
[Move(E)];0
[Move(E)];0
[Move(E)];0
[Move(E)];0
[Move(E)];0
[Pull(W,E)];0
[Pull(S,E)];0
[Pull(W,N)];0
[Pull(S,E)];0
[Pull(S,N)];0
[Pull(W,N)];0
[Pull(S,E)];0
[Pull(S,N)];0
[Pull(W,N)];0
[Push(E,S)];0
[Push(S,E)];0
[Push(E,S)];0
[Push(S,E)];0
[Push(E,S)];0
[Push(S,E)];0
[Push(E,E)];0
[Move(W)];0
[Move(N)];0
[Move(W)];0
[Move(W)];0
[Move(N)];0
[Move(N)];0
[Move(N)];0
[Move(N)];0
[Move(N)];0
[Move(W)];15
[Move(N)];0
[Move(W)];0
[Move(N)];0
[Move(W)];0
[Move(W)];0
[Pull(E,W)];0
[Pull(E,W)];0
[Pull(S,W)];0
[Push(N,E)];0
[Pull(W,E)];0
[Pull(W,E)];0
[Pull(W,E)];0
[Push(W,W)];0
[Move(E)];0
[Pull(W,E)];0
[Push(W,N)];0
[Move(E)];0
[Pull(W,E)];0
[Pull(S,E)];0
[Pull(W,N)];0
[Pull(S,E)];0
[Push(N,W)];0
[Pull(E,W)];0
[Pull(N,W)];0
[Pull(E,W)];0
[Pull(E,W)];0
[Pull(E,W)];0
[Pull(E,W)];0
[Pull(E,W)];0
[Pull(S,W)];0
[Push(N,E)];0
[Push(E,E)];0
[Push(E,E)];0
[Push(E,E)];0
[Push(E,E)];0
[Push(E,E)];0
[Move(W)];0
[Move(W)];0
[Move(W)];0
[Move(W)];0
[Move(W)];0
[Move(W)];0
[Move(W)];0
[Move(W)];0
[Move(W)];0
[Move(W)];0
[Pull(E,N)];0
[Pull(E,W)];0
[Push(W,W)];0
[Push(W,W)];0
[Pull(E,S)];0
[Pull(E,W)];0
[Pull(E,W)];0
[Push(W,W)];0
[Push(W,W)];0
[Push(W,S)];0
[Pull(E,W)];0
[Pull(E,W)];0
[Push(W,W)];0
[Push(W,W)];0
[Pull(E,S)];0
[Pull(E,W)];0
[Pull(E,W)];0
[Push(W,W)];0
[Push(W,W)];0
[Push(W,N)];0
[Pull(E,W)];0
[Pull(E,W)];0
[Push(W,W)];0
[Push(W,S)];0
[Pull(E,N)];0
[Pull(E,W)];0
[Pull(E,W)];0
[Push(W,W)];0
[Push(W,W)];0
[Push(W,W)];0
[Pull(E,S)];0
[Pull(E,W)];0
[Push(W,W)];0
[Push(W,S)];0
[Pull(E,W)];0
[Pull(E,W)];0
[Pull(E,W)];0
[Push(W,W)];0
[Push(W,W)];0
[Push(W,N)];0
[Pull(E,S)];0
[Pull(E,W)];0
[Push(W,W)];0
[Push(W,W)];0
[Pull(E,N)];0
[Pull(E,W)];0
[Pull(E,W)];0
[Push(W,W)];0
[Push(W,W)];0
[Push(W,S)];0
[Pull(N,W)];0
[Push(S,E)];0
[Pull(W,E)];0
[Push(E,N)];0
[Pull(E,S)];0
[Pull(E,W)];0
[Pull(E,W)];0
[Push(W,W)];0
[Push(W,W)];0
[Push(W,S)];0
[Pull(E,N)];0
[Pull(E,W)];0
[Push(W,W)];0
[Push(W,W)];0
[Pull(E,S)];0
[Pull(E,W)];0
[Pull(E,W)];0
[Push(W,W)];0
[Push(W,W)];0
[Push(W,N)];0
[Pull(E,W)];0
[Pull(E,W)];0
[Push(W,W)];0
[Push(W,S)];0
[Pull(E,N)];0
[Pull(E,W)];0
[Pull(E,W)];0
[Push(W,W)];0
[Push(W,W)];0
[Push(W,W)];0
[Pull(N,S)];0
[Push(S,E)];0
[Pull(S,E)];0
[Push(N,N)];0
[Pull(E,W)];0
[Pull(E,W)];0
[Pull(E,W)];0
[Push(W,W)];0
[Push(W,W)];0
[Push(W,W)];0
[Pull(E,N)];0
[Pull(E,W)];0
[Push(W,W)];0
[Push(W,S)];0
[Pull(E,W)];0
[Pull(E,W)];0
[Pull(E,W)];0
[Push(W,W)];0
[Push(W,W)];0
[Push(W,N)];0
[Pull(E,S)];0
[Pull(E,W)];0
[Push(W,W)];0
[Push(W,S)];0
[Pull(E,N)];0
[Pull(E,W)];0
[Pull(E,W)];0
[Push(W,W)];0
[Push(W,W)];0
[Push(W,N)];0
[Pull(E,S)];0
[Pull(E,W)];0
[Push(W,W)];0
[Push(W,W)];0
[Pull(E,N)];0
[Pull(E,W)];0
[Pull(E,W)];0
[Push(W,W)];0
[Push(W,W)];0
[Push(W,N)];0
[Pull(E,W)];0
[Pull(E,W)];0
[Push(W,W)];0
[Push(W,W)];0
[Pull(E,N)];0
[Pull(E,W)];0
[Pull(E,W)];0
[Push(W,W)];0
[Push(W,W)];0
[Push(W,N)];0
[Pull(E,W)];0
[Pull(E,W)];0
[Push(W,W)];0
[Push(W,S)];0
[Pull(E,N)];0
[Pull(E,W)];0
[Pull(E,W)];0
[Push(W,W)];0
[Push(W,W)];0
[Push(W,W)];0
[Pull(N,S)];0
[Push(S,E)];0
[Pull(S,E)];0
[Push(N,N)];0
[Pull(E,W)];0
[Pull(E,W)];0
[Pull(E,W)];0
[Push(W,W)];0
[Push(W,W)];0
[Push(W,W)];0
[Pull(E,N)];0
[Pull(E,W)];0
[Push(W,W)];0
[Push(W,S)];0
[Pull(E,W)];0
[Pull(E,W)];0
[Pull(E,W)];0
[Push(W,W)];0
[Push(W,W)];0
[Push(W,W)];0
[Pull(N,S)];0
[Push(S,E)];0
[Pull(S,E)];0
[Push(N,N)];0
[Pull(E,W)];0
[Pull(E,W)];0
[Pull(E,W)];0
[Push(W,W)];0
[Push(W,W)];0
[Push(W,W)];0
[Pull(E,N)];0
[Pull(E,W)];0
[Push(W,W)];0
[Push(W,N)];0
[Pull(E,W)];0
[Pull(E,W)];0
[Pull(E,W)];0
[Push(W,W)];0
[Push(W,W)];0
[Push(W,W)];0
[Pull(E,N)];0
[Pull(E,W)];0
[Push(W,W)];0
[Push(W,N)];0
[Pull(E,W)];0
[Pull(E,W)];0
[Pull(E,W)];0
[Push(W,W)];0
[Push(W,W)];0
[Push(W,S)];0
[Pull(E,N)];0
[Pull(E,W)];0
[Push(W,W)];0
[Push(W,W)];0
[Pull(E,S)];0
[Pull(E,W)];0
[Pull(E,W)];0
[Push(W,W)];0
[Push(W,W)];0
[Push(W,N)];0
[Pull(E,W)];0
[Pull(E,W)];0
[Push(W,W)];0
[Push(W,S)];0
[Pull(E,N)];0
[Pull(E,W)];0
[Pull(E,W)];0
[Push(W,W)];0
[Push(W,W)];0
[Push(W,N)];0
[Pull(E,S)];0
[Pull(E,W)];0
[Push(W,W)];0
[Push(W,W)];0
[Pull(E,N)];0
[Pull(E,W)];0
[Pull(E,W)];0
[Push(W,W)];0
[Push(W,W)];0
[Push(W,S)];0
[Pull(N,W)];0
[Push(S,E)];0
[Pull(W,E)];0
[Pull(S,E)];0
[Push(E,N)];0
[Push(N,E)];0
[Push(E,E)];0
[Move(W)];0
[Pull(N,W)];0
[Push(S,E)];0
3269f3ae118a7e9b0f363a030505aa2da9b17657
successful
34270
1377
77c717c734fb81ceba42dcb50a8c3a9ab587f678
1496120237070
